2014-10-11 19:52:46 - add reload file /home/roroco/Dropbox/rb-projs/ro_r4py/exe.rb task(logged from #<RoCells::Trace::LastFrame:0x007ffc6b047940>)
2014-10-11 19:52:46 - add reload file /home/roroco/Dropbox/rb-projs/ro_cmds/lib/ro_misc/exe.rb task(logged from #<RoCells::Trace::LastFrame:0x007ffc6c025e98>)
2014-10-11 19:54:30 - add reload file /home/roroco/Dropbox/rb-projs/ro_cmds/lib/ro_misc/exe.rb task(logged from #<RoCells::Trace::LastFrame:0x007ffc6c35d020>)
2014-10-11 19:54:32 - add reload file /home/roroco/Dropbox/rb-projs/ro_cmds/lib/ro_misc/exe.rb task(logged from #<RoCells::Trace::LastFrame:0x007ffc6c33a228>)
2014-10-11 19:54:48 - add reload file /home/roroco/Dropbox/rb-projs/ro_cmds/lib/ro_misc/exe.rb task(logged from #<RoCells::Trace::LastFrame:0x007ffc6e36d680>)
2014-10-11 20:09:00 - add reload file /home/roroco/Dropbox/rb-projs/ro_cmds/lib/ro_cells/assertion.rb task(logged from #<RoCells::Trace::LastFrame:0x007ffc6c3c64a8>)
2014-10-11 20:20:02 - add reload file /home/roroco/Dropbox/rb-projs/ro_cmds/lib/ro_cells/assertion.rb task(logged from #<RoCells::Trace::LastFrame:0x007ffc6b0e6b08>)
2014-10-11 20:25:41 - add reload file /home/roroco/Dropbox/rb-projs/ro_cmds/lib/ro_cells/assertion.rb task(logged from #<RoCells::Trace::LastFrame:0x007ffc6bd523d8>)
2014-10-11 20:33:36 - add reload file /home/roroco/Dropbox/rb-projs/ro_cmds/lib/ro_cells/assertion.rb task(logged from #<RoCells::Trace::LastFrame:0x007ffc6c324888>)
2014-10-11 20:35:32 - add reload file /home/roroco/Dropbox/rb-projs/ro_cmds/lib/ro_cells/path.rb task(logged from #<RoCells::Trace::LastFrame:0x007ffc6c1e9f90>)
2014-10-11 20:38:57 - add reload file /home/roroco/Dropbox/rb-projs/ro_cmds/lib/ro_cells/assertion.rb task(logged from #<RoCells::Trace::LastFrame:0x007ffc6bb29ae8>)
2014-10-11 20:38:57 - add reload file /home/roroco/Dropbox/rb-projs/ro_cmds/lib/ro_core_exts/kernel.rb task(logged from #<RoCells::Trace::LastFrame:0x007ffc6c350280>)
2014-10-11 20:39:25 - add reload file /home/roroco/Dropbox/rb-projs/ro_cmds/lib/ro_cells/assertor.rb task(logged from #<RoCells::Trace::LastFrame:0x007ffc6bd30788>)
2014-10-11 20:39:55 - add reload file /home/roroco/Dropbox/rb-projs/ro_cmds/lib/ro_cells/assertor.rb task(logged from #<RoCells::Trace::LastFrame:0x007ffc6e5ad3a0>)
2014-10-11 20:39:55 - add reload file /home/roroco/Dropbox/rb-projs/ro_cmds/lib/ro_core_exts/kernel.rb task(logged from #<RoCells::Trace::LastFrame:0x007ffc6b553330>)
2014-10-11 20:41:36 - add reload file /home/roroco/Dropbox/rb-projs/ro_cmds/lib/ro_cells/assertor.rb task(logged from #<RoCells::Trace::LastFrame:0x007ffc6bd2b648>)
2014-10-11 20:49:34 - add reload file /home/roroco/Dropbox/rb-projs/ro_cmds/lib/ro_cells/assertor.rb task(logged from #<RoCells::Trace::LastFrame:0x007ffc6bedf480>)
2014-10-11 20:53:12 - add reload file /home/roroco/Dropbox/rb-projs/ro_cmds/lib/ro_cells/assertor.rb task(logged from #<RoCells::Trace::LastFrame:0x007ffc6c46ebd0>)
2014-10-11 20:54:19 - add reload file /home/roroco/Dropbox/rb-projs/ro_cmds/lib/ro_cells/assertor.rb task(logged from #<RoCells::Trace::LastFrame:0x007ffc6e29f140>)
2014-10-11 21:00:00 - add reload file /home/roroco/Dropbox/rb-projs/ro_cmds/lib/ro_core_exts/object.rb task(logged from #<RoCells::Trace::LastFrame:0x007ffc6e8bcac8>)
2014-10-11 21:02:12 - add reload file /home/roroco/Dropbox/rb-projs/ro_cmds/lib/ro_helpers/cmds/ins/misc.rb task(logged from #<RoCells::Trace::LastFrame:0x007ffc2c5f5e30>)
2014-10-11 21:02:21 - add reload file /home/roroco/Dropbox/rb-projs/ro_cmds/lib/ro_helpers/cmds/ins/misc.rb task(logged from #<RoCells::Trace::LastFrame:0x007ffc2c7200d0>)
2014-10-11 21:02:32 - add reload file /home/roroco/Dropbox/rb-projs/ro_cmds/lib/ro_helpers/cmds/ins/misc.rb task(logged from #<RoCells::Trace::LastFrame:0x007ffc6af7c9c0>)
2014-10-11 21:03:56 - add reload file /home/roroco/Dropbox/rb-projs/ro_cmds/lib/ro_cells/assertor.rb task(logged from #<RoCells::Trace::LastFrame:0x007ffc6bc5e148>)
2014-10-11 21:09:28 - add reload file /home/roroco/Dropbox/rb-projs/ro_cmds/lib/ro_cells/assertor.rb task(logged from #<RoCells::Trace::LastFrame:0x007ffc6e0649c0>)
2014-10-11 21:09:28 - add reload file /home/roroco/Dropbox/rb-projs/ro_cmds/lib/ro_core_exts/kernel.rb task(logged from #<RoCells::Trace::LastFrame:0x007ffc6e259000>)
2014-10-11 21:13:32 - add reload file /home/roroco/Dropbox/rb-projs/ro_cmds/lib/ro_cells/assertor.rb task(logged from #<RoCells::Trace::LastFrame:0x007ffc6e7cefd0>)
2014-10-11 21:14:04 - add reload file /home/roroco/Dropbox/rb-projs/ro_cmds/lib/ro_helpers/cmds/ins/misc.rb task(logged from #<RoCells::Trace::LastFrame:0x007ffc6dcdef80>)
2014-10-11 21:14:24 - add reload file /home/roroco/Dropbox/rb-projs/ro_cmds/lib/ro_helpers/cmds/ins/misc.rb task(logged from #<RoCells::Trace::LastFrame:0x007ffc6beda4a8>)
2014-10-11 21:16:23 - add reload file /home/roroco/Dropbox/rb-projs/ro_cmds/lib/ro_core_exts/object.rb task(logged from #<RoCells::Trace::LastFrame:0x007ffc6c33dea0>)
2014-10-11 21:18:13 - add reload file /home/roroco/Dropbox/rb-projs/ro_cmds/lib/ro_cells/assertor.rb task(logged from #<RoCells::Trace::LastFrame:0x007ffc6dbf92c8>)
2014-10-11 21:20:51 - add reload file /home/roroco/Dropbox/rb-projs/ro_cmds/lib/ro_core_exts/object.rb task(logged from #<RoCells::Trace::LastFrame:0x007ffc6e615950>)
2014-10-11 21:20:51 - add reload file /home/roroco/Dropbox/rb-projs/ro_cmds/lib/ro_cells/assertor.rb task(logged from #<RoCells::Trace::LastFrame:0x007ffc6e804bf8>)
2014-10-11 21:22:20 - add reload file /home/roroco/Dropbox/rb-projs/ro_cmds/lib/ro_cells/assertor.rb task(logged from #<RoCells::Trace::LastFrame:0x007ffc6de1e9e0>)
2014-10-11 21:22:34 - add reload file /home/roroco/Dropbox/rb-projs/ro_cmds/lib/ro_core_exts/object.rb task(logged from #<RoCells::Trace::LastFrame:0x007ffc6bf75598>)
2014-10-11 21:22:53 - add reload file /home/roroco/Dropbox/rb-projs/ro_cmds/lib/ro_core_exts/object.rb task(logged from #<RoCells::Trace::LastFrame:0x007ffc6c359448>)
2014-10-11 21:25:17 - add reload file /home/roroco/Dropbox/rb-projs/ro_cmds_plus/lib/ro_cmds/test_file.rb task(logged from #<RoCells::Trace::LastFrame:0x007ffc6c335610>)
2014-10-11 21:28:05 - add reload file /home/roroco/Dropbox/rb-projs/ro_r4py/lib/ro_cmds/r4py_gen.rb task(logged from #<RoCells::Trace::LastFrame:0x007ffc6e37eef8>)
2014-10-11 21:28:05 - add reload file /home/roroco/Dropbox/rb-projs/ro_r4py/lib/ro_cells/r4py/gens/test_file.rb task(logged from #<RoCells::Trace::LastFrame:0x007ffc6e539428>)
2014-10-11 21:31:27 - add reload file /home/roroco/Dropbox/rb-projs/ro_cmds/lib/ro_file/helper.rb task(logged from #<RoCells::Trace::LastFrame:0x007ffc6eb97860>)
2014-10-11 21:36:26 - add reload file /home/roroco/Dropbox/rb-projs/ro_cmds/lib/ro_file/helper.rb task(logged from #<RoCells::Trace::LastFrame:0x007ffc6ac42250>)
2014-10-11 21:36:51 - add reload file /home/roroco/Dropbox/rb-projs/ro_cmds/lib/ro_file/helper.rb task(logged from #<RoCells::Trace::LastFrame:0x007ffc6bc3d6c8>)
2014-10-11 21:37:17 - add reload file /home/roroco/Dropbox/rb-projs/ro_cmds/lib/ro_file/helper.rb task(logged from #<RoCells::Trace::LastFrame:0x007ffc6c4a84c0>)
2014-10-11 21:38:41 - add reload file /home/roroco/Dropbox/rb-projs/ro_cmds/lib/ro_file/helper.rb task(logged from #<RoCells::Trace::LastFrame:0x007ffc6e22dd38>)
2014-10-11 22:26:44 - add reload file /home/roroco/Dropbox/rb-projs/ro_r4py/lib/ro_helpers/py/gens/helper.rb task(logged from #<RoCells::Trace::LastFrame:0x007f51fc8fd6d0>)
2014-10-11 22:26:45 - add reload file /home/roroco/Dropbox/rb-projs/ro_r4py/lib/ro_cmds/r4py_gen.rb task(logged from #<RoCells::Trace::LastFrame:0x007f51fc427d40>)
2014-10-11 22:26:45 - add reload file /home/roroco/Dropbox/rb-projs/ro_r4py/lib/ro_cmds/py_test_file.rb task(logged from #<RoCells::Trace::LastFrame:0x007f51fc601ee0>)
2014-10-11 22:26:45 - add reload file /home/roroco/Dropbox/rb-projs/ro_r4py/lib/ro_cells/py/test_file_attrs.rb task(logged from #<RoCells::Trace::LastFrame:0x007f51fcc5a8a0>)
2014-10-11 22:26:47 - add reload file /home/roroco/Dropbox/rb-projs/ro_r4py/lib/ro_helpers/py/helper.rb task(logged from #<RoCells::Trace::LastFrame:0x007f51fcd2ec68>)
2014-10-11 22:30:31 - add reload file /home/roroco/Dropbox/rb-projs/ro_r4py/lib/ro_cmds/r4py_gen.rb task(logged from #<RoCells::Trace::LastFrame:0x007f51fc767488>)
2014-10-11 22:30:31 - add reload file /home/roroco/Dropbox/rb-projs/ro_r4py/lib/ro_cells/py/runner.rb task(logged from #<RoCells::Trace::LastFrame:0x007f51fcb65b98>)
2014-10-11 22:30:32 - add reload file /home/roroco/Dropbox/rb-projs/ro_r4py/lib/ro_cmds/py_test_file.rb task(logged from #<RoCells::Trace::LastFrame:0x007f51fc50caa8>)
2014-10-11 22:30:32 - add reload file /home/roroco/Dropbox/rb-projs/ro_r4py/lib/ro_cells/py/rb.rb task(logged from #<RoCells::Trace::LastFrame:0x007f51fcc04ae0>)
2014-10-11 22:30:32 - add reload file /home/roroco/Dropbox/rb-projs/ro_r4py/lib/ro_cells/py/test_file_attrs.rb task(logged from #<RoCells::Trace::LastFrame:0x007f51fccb60b0>)
2014-10-11 22:32:31 - add reload file /home/roroco/Dropbox/rb-projs/ro_r4py/lib/ro_cmds/py_test_file.rb task(logged from #<RoCells::Trace::LastFrame:0x007f51bc54c940>)
