2014-10-11 21:00:52 - Error:{TypeError} no implicit conversion of nil into String
2014-10-11 21:00:52 - Backtrace:
2014-10-11 21:00:52 - /home/roroco/Dropbox/rb-projs/ro_cmds/lib/ro_helpers/cmds/ins/misc.rb:99:in `initialize'
/home/roroco/Dropbox/rb-projs/ro_cmds/lib/ro_helpers/cmds/ins/misc.rb:99:in `new'
/home/roroco/Dropbox/rb-projs/ro_cmds/lib/ro_helpers/cmds/ins/misc.rb:99:in `parent_basename_and_basename'
/home/roroco/Dropbox/rb-projs/ro_r4py/lib/ro_cells/r4py/gens/test_file.rb:37:in `block in test_file'
/home/roroco/Dropbox/rb-projs/ro_r4py/lib/ro_cells/r4py/gens/test_file.rb:43:in `call'
/home/roroco/Dropbox/rb-projs/ro_r4py/lib/ro_cells/r4py/gens/test_file.rb:43:in `test_file'
/home/roroco/Dropbox/rb-projs/ro_cmds_plus/lib/ro_cmds/test_file.rb:72:in `template'
/home/roroco/Dropbox/rb-projs/ro_r4py/lib/ro_cells/r4py/gens/test_file.rb:20:in `test_helper'
/home/roroco/Dropbox/rb-projs/ro_r4py/lib/ro_cells/r4py/gens/test_file.rb:13:in `create'
/home/roroco/Dropbox/rb-projs/ro_r4py/lib/ro_cmds/r4py_gen.rb:14:in `test_file'
/home/roroco/Dropbox/rb-projs/ro_preload/lib/ro_cells/preload/server.rb:197:in `handle_req'
/home/roroco/Dropbox/rb-projs/ro_preload/lib/ro_cells/preload/server.rb:118:in `block (2 levels) in start'
/home/roroco/Dropbox/rb-projs/ro_preload/lib/ro_cells/forker.rb:26:in `block in create_process'
/home/roroco/Dropbox/rb-projs/ro_preload/lib/ro_cells/forker.rb:24:in `fork'
/home/roroco/Dropbox/rb-projs/ro_preload/lib/ro_cells/forker.rb:24:in `create_process'
/home/roroco/Dropbox/rb-projs/ro_preload/lib/ro_cells/forker.rb:11:in `initialize'
/home/roroco/Dropbox/rb-projs/ro_preload/lib/ro_helpers/process_helper.rb:42:in `new'
/home/roroco/Dropbox/rb-projs/ro_preload/lib/ro_helpers/process_helper.rb:42:in `ro_fork'
/home/roroco/Dropbox/rb-projs/ro_preload/lib/ro_cells/preload/server.rb:111:in `block in start'
/home/roroco/Dropbox/rb-projs/ro_preload/lib/ro_cells/preload/server.rb:102:in `loop'
/home/roroco/Dropbox/rb-projs/ro_preload/lib/ro_cells/preload/server.rb:102:in `start'
/home/roroco/Dropbox/rb-projs/ro_preload/lib/ro_cells/preload/server.rb:46:in `restart'
/home/roroco/Dropbox/rb-projs/ro_cmds/lib/ro_helpers/cmds/kls/meta.rb:135:in `block (2 levels) in delegate_ins_meth'
/home/roroco/Dropbox/rb-projs/ro_cmds/lib/ro_helpers/cmds/kls.rb:51:in `start'
/home/roroco/Dropbox/rb-projs/ro_cmds/lib/ro_cmds_runner.rb:31:in `start'
/home/roroco/Dropbox/rb-projs/ro_cmds/lib/ro_cmds_bin.rb:2:in `<top (required)>'
/home/roroco/Dropbox/rb-projs/ro_cmds/bin/ro:2:in `load'
/home/roroco/Dropbox/rb-projs/ro_cmds/bin/ro:2:in `<top (required)>'
/home/roroco/.rbenv/versions/2.1.2/lib/ruby/gems/2.1.0/bin/ro:23:in `load'
/home/roroco/.rbenv/versions/2.1.2/lib/ruby/gems/2.1.0/bin/ro:23:in `<main>'
2014-10-11 21:39:31 - Error:{RoErrs::AssertionErr} assert nil.have_val?(), err is raised in /home/roroco/Dropbox/rb-projs/ro_cmds/lib/ro_helpers/cmds/ins/misc.rb:99 in parent_basename_and_basename
2014-10-11 21:39:31 - Backtrace:
2014-10-11 21:39:31 - /home/roroco/Dropbox/rb-projs/ro_cmds/lib/ro_cells/assertor.rb:9:in `raise_err'
/home/roroco/Dropbox/rb-projs/ro_cmds/lib/ro_cells/assertor.rb:33:in `assert'
/home/roroco/Dropbox/rb-projs/ro_cmds/lib/ro_core_exts/kernel.rb:49:in `ro_assert'
/home/roroco/Dropbox/rb-projs/ro_cmds/lib/ro_helpers/cmds/ins/misc.rb:99:in `parent_basename_and_basename'
/home/roroco/Dropbox/rb-projs/ro_r4py/lib/ro_cells/r4py/gens/test_file.rb:27:in `block in test_file'
/home/roroco/Dropbox/rb-projs/ro_r4py/lib/ro_cells/r4py/gens/test_file.rb:33:in `call'
/home/roroco/Dropbox/rb-projs/ro_r4py/lib/ro_cells/r4py/gens/test_file.rb:33:in `test_file'
/home/roroco/Dropbox/rb-projs/ro_cmds_plus/lib/ro_cmds/test_file.rb:71:in `template'
/home/roroco/Dropbox/rb-projs/ro_r4py/lib/ro_cells/r4py/gens/test_file.rb:20:in `test_helper'
/home/roroco/Dropbox/rb-projs/ro_r4py/lib/ro_cells/r4py/gens/test_file.rb:13:in `create'
/home/roroco/Dropbox/rb-projs/ro_r4py/lib/ro_cmds/r4py_gen.rb:15:in `test_file'
/home/roroco/Dropbox/rb-projs/ro_preload/lib/ro_cells/preload/server.rb:197:in `handle_req'
/home/roroco/Dropbox/rb-projs/ro_preload/lib/ro_cells/preload/server.rb:118:in `block (2 levels) in start'
/home/roroco/Dropbox/rb-projs/ro_preload/lib/ro_cells/forker.rb:26:in `block in create_process'
/home/roroco/Dropbox/rb-projs/ro_preload/lib/ro_cells/forker.rb:24:in `fork'
/home/roroco/Dropbox/rb-projs/ro_preload/lib/ro_cells/forker.rb:24:in `create_process'
/home/roroco/Dropbox/rb-projs/ro_preload/lib/ro_cells/forker.rb:11:in `initialize'
/home/roroco/Dropbox/rb-projs/ro_preload/lib/ro_helpers/process_helper.rb:42:in `new'
/home/roroco/Dropbox/rb-projs/ro_preload/lib/ro_helpers/process_helper.rb:42:in `ro_fork'
/home/roroco/Dropbox/rb-projs/ro_preload/lib/ro_cells/preload/server.rb:111:in `block in start'
/home/roroco/Dropbox/rb-projs/ro_preload/lib/ro_cells/preload/server.rb:102:in `loop'
/home/roroco/Dropbox/rb-projs/ro_preload/lib/ro_cells/preload/server.rb:102:in `start'
/home/roroco/Dropbox/rb-projs/ro_preload/lib/ro_cells/preload/server.rb:46:in `restart'
/home/roroco/Dropbox/rb-projs/ro_cmds/lib/ro_helpers/cmds/kls/meta.rb:135:in `block (2 levels) in delegate_ins_meth'
/home/roroco/Dropbox/rb-projs/ro_cmds/lib/ro_helpers/cmds/kls.rb:51:in `start'
/home/roroco/Dropbox/rb-projs/ro_cmds/lib/ro_cmds_runner.rb:31:in `start'
/home/roroco/Dropbox/rb-projs/ro_cmds/lib/ro_cmds_bin.rb:2:in `<top (required)>'
/home/roroco/Dropbox/rb-projs/ro_cmds/bin/ro:2:in `load'
/home/roroco/Dropbox/rb-projs/ro_cmds/bin/ro:2:in `<top (required)>'
/home/roroco/.rbenv/versions/2.1.2/lib/ruby/gems/2.1.0/bin/ro:23:in `load'
/home/roroco/.rbenv/versions/2.1.2/lib/ruby/gems/2.1.0/bin/ro:23:in `<main>'
2014-10-11 21:39:40 - Error:{RoErrs::AssertionErr} assert nil.have_val?(), err is raised in /home/roroco/Dropbox/rb-projs/ro_cmds/lib/ro_helpers/cmds/ins/misc.rb:99 in parent_basename_and_basename
2014-10-11 21:39:40 - Backtrace:
2014-10-11 21:39:40 - /home/roroco/Dropbox/rb-projs/ro_cmds/lib/ro_cells/assertor.rb:9:in `raise_err'
/home/roroco/Dropbox/rb-projs/ro_cmds/lib/ro_cells/assertor.rb:33:in `assert'
/home/roroco/Dropbox/rb-projs/ro_cmds/lib/ro_core_exts/kernel.rb:49:in `ro_assert'
/home/roroco/Dropbox/rb-projs/ro_cmds/lib/ro_helpers/cmds/ins/misc.rb:99:in `parent_basename_and_basename'
/home/roroco/Dropbox/rb-projs/ro_r4py/lib/ro_cells/r4py/gens/test_file.rb:27:in `block in test_file'
/home/roroco/Dropbox/rb-projs/ro_r4py/lib/ro_cells/r4py/gens/test_file.rb:33:in `call'
/home/roroco/Dropbox/rb-projs/ro_r4py/lib/ro_cells/r4py/gens/test_file.rb:33:in `test_file'
/home/roroco/Dropbox/rb-projs/ro_cmds_plus/lib/ro_cmds/test_file.rb:71:in `template'
/home/roroco/Dropbox/rb-projs/ro_r4py/lib/ro_cells/r4py/gens/test_file.rb:20:in `test_helper'
/home/roroco/Dropbox/rb-projs/ro_r4py/lib/ro_cells/r4py/gens/test_file.rb:13:in `create'
/home/roroco/Dropbox/rb-projs/ro_r4py/lib/ro_cmds/r4py_gen.rb:15:in `test_file'
/home/roroco/Dropbox/rb-projs/ro_preload/lib/ro_cells/preload/server.rb:197:in `handle_req'
/home/roroco/Dropbox/rb-projs/ro_preload/lib/ro_cells/preload/server.rb:118:in `block (2 levels) in start'
/home/roroco/Dropbox/rb-projs/ro_preload/lib/ro_cells/forker.rb:26:in `block in create_process'
/home/roroco/Dropbox/rb-projs/ro_preload/lib/ro_cells/forker.rb:24:in `fork'
/home/roroco/Dropbox/rb-projs/ro_preload/lib/ro_cells/forker.rb:24:in `create_process'
/home/roroco/Dropbox/rb-projs/ro_preload/lib/ro_cells/forker.rb:11:in `initialize'
/home/roroco/Dropbox/rb-projs/ro_preload/lib/ro_helpers/process_helper.rb:42:in `new'
/home/roroco/Dropbox/rb-projs/ro_preload/lib/ro_helpers/process_helper.rb:42:in `ro_fork'
/home/roroco/Dropbox/rb-projs/ro_preload/lib/ro_cells/preload/server.rb:111:in `block in start'
/home/roroco/Dropbox/rb-projs/ro_preload/lib/ro_cells/preload/server.rb:102:in `loop'
/home/roroco/Dropbox/rb-projs/ro_preload/lib/ro_cells/preload/server.rb:102:in `start'
/home/roroco/Dropbox/rb-projs/ro_preload/lib/ro_cells/preload/server.rb:46:in `restart'
/home/roroco/Dropbox/rb-projs/ro_cmds/lib/ro_helpers/cmds/kls/meta.rb:135:in `block (2 levels) in delegate_ins_meth'
/home/roroco/Dropbox/rb-projs/ro_cmds/lib/ro_helpers/cmds/kls.rb:51:in `start'
/home/roroco/Dropbox/rb-projs/ro_cmds/lib/ro_cmds_runner.rb:31:in `start'
/home/roroco/Dropbox/rb-projs/ro_cmds/lib/ro_cmds_bin.rb:2:in `<top (required)>'
/home/roroco/Dropbox/rb-projs/ro_cmds/bin/ro:2:in `load'
/home/roroco/Dropbox/rb-projs/ro_cmds/bin/ro:2:in `<top (required)>'
/home/roroco/.rbenv/versions/2.1.2/lib/ruby/gems/2.1.0/bin/ro:23:in `load'
/home/roroco/.rbenv/versions/2.1.2/lib/ruby/gems/2.1.0/bin/ro:23:in `<main>'
2014-10-11 22:25:18 - Error:{LoadError} cannot load such file -- ro_cells/r4py/test_file_attrs
2014-10-11 22:25:18 - Backtrace:
2014-10-11 22:25:18 - /home/roroco/Dropbox/rb-projs/ro_r4py/lib/ro_cmds/py_test_file.rb:4:in `require'
/home/roroco/Dropbox/rb-projs/ro_r4py/lib/ro_cmds/py_test_file.rb:4:in `<top (required)>'
/home/roroco/Dropbox/rb-projs/ro_r4py/lib/ro_cmds/r4py_gen.rb:3:in `require_relative'
/home/roroco/Dropbox/rb-projs/ro_r4py/lib/ro_cmds/r4py_gen.rb:3:in `<top (required)>'
/home/roroco/Dropbox/rb-projs/ro_preload/lib/ro_cells/preload/server.rb:193:in `load'
/home/roroco/Dropbox/rb-projs/ro_preload/lib/ro_cells/preload/server.rb:193:in `handle_req'
/home/roroco/Dropbox/rb-projs/ro_preload/lib/ro_cells/preload/server.rb:118:in `block (2 levels) in start'
/home/roroco/Dropbox/rb-projs/ro_preload/lib/ro_cells/forker.rb:26:in `block in create_process'
/home/roroco/Dropbox/rb-projs/ro_preload/lib/ro_cells/forker.rb:24:in `fork'
/home/roroco/Dropbox/rb-projs/ro_preload/lib/ro_cells/forker.rb:24:in `create_process'
/home/roroco/Dropbox/rb-projs/ro_preload/lib/ro_cells/forker.rb:11:in `initialize'
/home/roroco/Dropbox/rb-projs/ro_preload/lib/ro_helpers/process_helper.rb:42:in `new'
/home/roroco/Dropbox/rb-projs/ro_preload/lib/ro_helpers/process_helper.rb:42:in `ro_fork'
/home/roroco/Dropbox/rb-projs/ro_preload/lib/ro_cells/preload/server.rb:111:in `block in start'
/home/roroco/Dropbox/rb-projs/ro_preload/lib/ro_cells/preload/server.rb:102:in `loop'
/home/roroco/Dropbox/rb-projs/ro_preload/lib/ro_cells/preload/server.rb:102:in `start'
/home/roroco/Dropbox/rb-projs/ro_preload/lib/ro_cells/preload/server.rb:46:in `restart'
/home/roroco/Dropbox/rb-projs/ro_cmds/lib/ro_helpers/cmds/kls/meta.rb:135:in `block (2 levels) in delegate_ins_meth'
/home/roroco/Dropbox/rb-projs/ro_cmds/lib/ro_helpers/cmds/kls.rb:51:in `start'
/home/roroco/Dropbox/rb-projs/ro_cmds/lib/ro_cmds_runner.rb:31:in `start'
/home/roroco/Dropbox/rb-projs/ro_cmds/lib/ro_cmds_bin.rb:2:in `<top (required)>'
/home/roroco/Dropbox/rb-projs/ro_cmds/bin/ro:2:in `load'
/home/roroco/Dropbox/rb-projs/ro_cmds/bin/ro:2:in `<top (required)>'
/home/roroco/.rbenv/versions/2.1.2/lib/ruby/gems/2.1.0/bin/ro:23:in `load'
/home/roroco/.rbenv/versions/2.1.2/lib/ruby/gems/2.1.0/bin/ro:23:in `<main>'
