2014-10-11 19:52:24 - Error:{NoMethodError} undefined method `pft' for main:Object
2014-10-11 19:52:24 - Backtrace:
2014-10-11 19:52:24 - /home/roroco/Dropbox/rb-projs/ro_r4py/exe.rb:4:in `<top (required)>'
/home/roroco/Dropbox/rb-projs/spork/lib/spork/cells/changed_files.rb:66:in `load'
/home/roroco/Dropbox/rb-projs/spork/lib/spork/cells/changed_files.rb:66:in `reload'
/home/roroco/Dropbox/rb-projs/spork/lib/spork/cells/changed_files.rb:42:in `block (2 levels) in reload_all'
/home/roroco/Dropbox/rb-projs/spork/lib/spork/cells/changed_files.rb:40:in `each'
/home/roroco/Dropbox/rb-projs/spork/lib/spork/cells/changed_files.rb:40:in `block in reload_all'
/home/roroco/Dropbox/rb-projs/ro_cmds/lib/ro_helpers/redis/sync.rb:13:in `tmply_set_flow_key'
/home/roroco/Dropbox/rb-projs/ro_cmds/lib/ro_helpers/redis/sync.rb:20:in `sync'
/home/roroco/Dropbox/rb-projs/spork/lib/spork/cells/changed_files.rb:38:in `reload_all'
/home/roroco/Dropbox/rb-projs/ro_preload/lib/ro_cells/preload/server.rb:108:in `block in start'
/home/roroco/Dropbox/rb-projs/ro_preload/lib/ro_cells/preload/server.rb:102:in `loop'
/home/roroco/Dropbox/rb-projs/ro_preload/lib/ro_cells/preload/server.rb:102:in `start'
/home/roroco/Dropbox/rb-projs/ro_preload/lib/ro_cells/preload/server.rb:46:in `restart'
/home/roroco/Dropbox/rb-projs/ro_cmds/lib/ro_helpers/cmds/kls/meta.rb:135:in `block (2 levels) in delegate_ins_meth'
/home/roroco/Dropbox/rb-projs/ro_cmds/lib/ro_helpers/cmds/kls.rb:51:in `start'
/home/roroco/Dropbox/rb-projs/ro_cmds/lib/ro_cmds_runner.rb:31:in `start'
/home/roroco/Dropbox/rb-projs/ro_cmds/lib/ro_cmds_bin.rb:2:in `<top (required)>'
/home/roroco/Dropbox/rb-projs/ro_cmds/bin/ro:2:in `load'
/home/roroco/Dropbox/rb-projs/ro_cmds/bin/ro:2:in `<top (required)>'
/home/roroco/.rbenv/versions/2.1.2/lib/ruby/gems/2.1.0/bin/ro:23:in `load'
/home/roroco/.rbenv/versions/2.1.2/lib/ruby/gems/2.1.0/bin/ro:23:in `<main>'
2014-10-11 19:54:53 - Error:{TypeError} no implicit conversion of nil into String
2014-10-11 19:54:53 - Backtrace:
2014-10-11 19:54:53 - /home/roroco/Dropbox/rb-projs/ro_cmds/lib/ro_helpers/cmds/ins/misc.rb:99:in `initialize'
/home/roroco/Dropbox/rb-projs/ro_cmds/lib/ro_helpers/cmds/ins/misc.rb:99:in `new'
/home/roroco/Dropbox/rb-projs/ro_cmds/lib/ro_helpers/cmds/ins/misc.rb:99:in `parent_basename_and_basename'
/home/roroco/Dropbox/rb-projs/ro_r4py/lib/ro_cells/r4py/gens/test_file.rb:37:in `block in test_file'
/home/roroco/Dropbox/rb-projs/ro_r4py/lib/ro_cells/r4py/gens/test_file.rb:43:in `call'
/home/roroco/Dropbox/rb-projs/ro_r4py/lib/ro_cells/r4py/gens/test_file.rb:43:in `test_file'
/home/roroco/Dropbox/rb-projs/ro_cmds_plus/lib/ro_cmds/test_file.rb:72:in `template'
/home/roroco/Dropbox/rb-projs/ro_r4py/lib/ro_cells/r4py/gens/test_file.rb:20:in `test_helper'
/home/roroco/Dropbox/rb-projs/ro_r4py/lib/ro_cells/r4py/gens/test_file.rb:13:in `create'
/home/roroco/Dropbox/rb-projs/ro_r4py/lib/ro_cmds/r4py_gen.rb:14:in `test_file'
/home/roroco/Dropbox/rb-projs/ro_cmds/lib/ro_helpers/cmds/kls.rb:51:in `start'
/home/roroco/Dropbox/rb-projs/ro_cmds/lib/ro_cmds_runner.rb:31:in `start'
/home/roroco/Dropbox/rb-projs/ro_cmds/lib/ro_cmds_bin.rb:2:in `<top (required)>'
/home/roroco/Dropbox/rb-projs/ro_cmds/lib/ro_misc/exe.rb:372:in `load'
/home/roroco/Dropbox/rb-projs/ro_cmds/lib/ro_misc/exe.rb:372:in `ro'
/home/roroco/Dropbox/rb-projs/ro_cmds/lib/ro_misc/exe.rb:64:in `ptf'
/home/roroco/Dropbox/rb-projs/ro_r4py/exe.rb:4:in `<top (required)>'
/home/roroco/.rbenv/versions/2.1.2/lib/ruby/gems/2.1.0/gems/ruby-debug-ide-0.4.23.beta1/lib/ruby-debug-ide.rb:86:in `debug_load'
/home/roroco/.rbenv/versions/2.1.2/lib/ruby/gems/2.1.0/gems/ruby-debug-ide-0.4.23.beta1/lib/ruby-debug-ide.rb:86:in `debug_program'
/home/roroco/.rbenv/versions/2.1.2/lib/ruby/gems/2.1.0/gems/ruby-debug-ide-0.4.23.beta1/bin/rdebug-ide:110:in `<top (required)>'
-e:1:in `load'
-e:1:in `<main>'
2014-10-11 21:00:51 - Error:{TypeError} no implicit conversion of nil into String
2014-10-11 21:00:51 - Backtrace:
2014-10-11 21:00:51 - /home/roroco/Dropbox/rb-projs/ro_cmds/lib/ro_helpers/cmds/ins/misc.rb:99:in `initialize'
/home/roroco/Dropbox/rb-projs/ro_cmds/lib/ro_helpers/cmds/ins/misc.rb:99:in `new'
/home/roroco/Dropbox/rb-projs/ro_cmds/lib/ro_helpers/cmds/ins/misc.rb:99:in `parent_basename_and_basename'
/home/roroco/Dropbox/rb-projs/ro_r4py/lib/ro_cells/r4py/gens/test_file.rb:37:in `block in test_file'
/home/roroco/Dropbox/rb-projs/ro_r4py/lib/ro_cells/r4py/gens/test_file.rb:43:in `call'
/home/roroco/Dropbox/rb-projs/ro_r4py/lib/ro_cells/r4py/gens/test_file.rb:43:in `test_file'
/home/roroco/Dropbox/rb-projs/ro_cmds_plus/lib/ro_cmds/test_file.rb:72:in `template'
/home/roroco/Dropbox/rb-projs/ro_r4py/lib/ro_cells/r4py/gens/test_file.rb:20:in `test_helper'
/home/roroco/Dropbox/rb-projs/ro_r4py/lib/ro_cells/r4py/gens/test_file.rb:13:in `create'
/home/roroco/Dropbox/rb-projs/ro_r4py/lib/ro_cmds/r4py_gen.rb:14:in `test_file'
/home/roroco/Dropbox/rb-projs/ro_cmds/lib/ro_helpers/cmds/kls.rb:51:in `start'
/home/roroco/Dropbox/rb-projs/ro_cmds/lib/ro_cmds_runner.rb:31:in `start'
/home/roroco/Dropbox/rb-projs/ro_cmds/lib/ro_cmds_bin.rb:2:in `<top (required)>'
/home/roroco/Dropbox/rb-projs/ro_cmds/lib/ro_misc/exe.rb:369:in `load'
/home/roroco/Dropbox/rb-projs/ro_cmds/lib/ro_misc/exe.rb:369:in `ro'
/home/roroco/Dropbox/rb-projs/ro_cmds/lib/ro_misc/exe.rb:61:in `ptf'
/home/roroco/Dropbox/rb-projs/ro_r4py/exe.rb:4:in `<top (required)>'
/home/roroco/Dropbox/rb-projs/spork/lib/spork/cells/changed_files.rb:66:in `load'
/home/roroco/Dropbox/rb-projs/spork/lib/spork/cells/changed_files.rb:66:in `reload'
/home/roroco/Dropbox/rb-projs/spork/lib/spork/cells/changed_files.rb:42:in `block (2 levels) in reload_all'
/home/roroco/Dropbox/rb-projs/spork/lib/spork/cells/changed_files.rb:40:in `each'
/home/roroco/Dropbox/rb-projs/spork/lib/spork/cells/changed_files.rb:40:in `block in reload_all'
/home/roroco/Dropbox/rb-projs/ro_cmds/lib/ro_helpers/redis/sync.rb:13:in `tmply_set_flow_key'
/home/roroco/Dropbox/rb-projs/ro_cmds/lib/ro_helpers/redis/sync.rb:20:in `sync'
/home/roroco/Dropbox/rb-projs/spork/lib/spork/cells/changed_files.rb:38:in `reload_all'
/home/roroco/Dropbox/rb-projs/ro_preload/lib/ro_cells/preload/server.rb:108:in `block in start'
/home/roroco/Dropbox/rb-projs/ro_preload/lib/ro_cells/preload/server.rb:102:in `loop'
/home/roroco/Dropbox/rb-projs/ro_preload/lib/ro_cells/preload/server.rb:102:in `start'
/home/roroco/Dropbox/rb-projs/ro_preload/lib/ro_cells/preload/server.rb:46:in `restart'
/home/roroco/Dropbox/rb-projs/ro_cmds/lib/ro_helpers/cmds/kls/meta.rb:135:in `block (2 levels) in delegate_ins_meth'
/home/roroco/Dropbox/rb-projs/ro_cmds/lib/ro_helpers/cmds/kls.rb:51:in `start'
/home/roroco/Dropbox/rb-projs/ro_cmds/lib/ro_cmds_runner.rb:31:in `start'
/home/roroco/Dropbox/rb-projs/ro_cmds/lib/ro_cmds_bin.rb:2:in `<top (required)>'
/home/roroco/Dropbox/rb-projs/ro_cmds/bin/ro:2:in `load'
/home/roroco/Dropbox/rb-projs/ro_cmds/bin/ro:2:in `<top (required)>'
/home/roroco/.rbenv/versions/2.1.2/lib/ruby/gems/2.1.0/bin/ro:23:in `load'
/home/roroco/.rbenv/versions/2.1.2/lib/ruby/gems/2.1.0/bin/ro:23:in `<main>'
2014-10-11 21:00:52 - Error:{TypeError} no implicit conversion of nil into String
2014-10-11 21:00:52 - Backtrace:
2014-10-11 21:00:52 - /home/roroco/Dropbox/rb-projs/ro_cmds/lib/ro_helpers/cmds/ins/misc.rb:99:in `initialize'
/home/roroco/Dropbox/rb-projs/ro_cmds/lib/ro_helpers/cmds/ins/misc.rb:99:in `new'
/home/roroco/Dropbox/rb-projs/ro_cmds/lib/ro_helpers/cmds/ins/misc.rb:99:in `parent_basename_and_basename'
/home/roroco/Dropbox/rb-projs/ro_r4py/lib/ro_cells/r4py/gens/test_file.rb:37:in `block in test_file'
/home/roroco/Dropbox/rb-projs/ro_r4py/lib/ro_cells/r4py/gens/test_file.rb:43:in `call'
/home/roroco/Dropbox/rb-projs/ro_r4py/lib/ro_cells/r4py/gens/test_file.rb:43:in `test_file'
/home/roroco/Dropbox/rb-projs/ro_cmds_plus/lib/ro_cmds/test_file.rb:72:in `template'
/home/roroco/Dropbox/rb-projs/ro_r4py/lib/ro_cells/r4py/gens/test_file.rb:20:in `test_helper'
/home/roroco/Dropbox/rb-projs/ro_r4py/lib/ro_cells/r4py/gens/test_file.rb:13:in `create'
/home/roroco/Dropbox/rb-projs/ro_r4py/lib/ro_cmds/r4py_gen.rb:14:in `test_file'
/home/roroco/Dropbox/rb-projs/ro_cmds/lib/ro_helpers/cmds/kls.rb:51:in `start'
/home/roroco/Dropbox/rb-projs/ro_cmds/lib/ro_cmds_runner.rb:31:in `start'
/home/roroco/Dropbox/rb-projs/ro_cmds/lib/ro_cmds_bin.rb:2:in `<top (required)>'
/home/roroco/Dropbox/rb-projs/ro_cmds/lib/ro_misc/exe.rb:369:in `load'
/home/roroco/Dropbox/rb-projs/ro_cmds/lib/ro_misc/exe.rb:369:in `ro'
/home/roroco/Dropbox/rb-projs/ro_cmds/lib/ro_misc/exe.rb:61:in `ptf'
/home/roroco/Dropbox/rb-projs/ro_r4py/exe.rb:4:in `<top (required)>'
/home/roroco/Dropbox/rb-projs/spork/lib/spork/cells/changed_files.rb:66:in `load'
/home/roroco/Dropbox/rb-projs/spork/lib/spork/cells/changed_files.rb:66:in `reload'
/home/roroco/Dropbox/rb-projs/spork/lib/spork/cells/changed_files.rb:42:in `block (2 levels) in reload_all'
/home/roroco/Dropbox/rb-projs/spork/lib/spork/cells/changed_files.rb:40:in `each'
/home/roroco/Dropbox/rb-projs/spork/lib/spork/cells/changed_files.rb:40:in `block in reload_all'
/home/roroco/Dropbox/rb-projs/ro_cmds/lib/ro_helpers/redis/sync.rb:13:in `tmply_set_flow_key'
/home/roroco/Dropbox/rb-projs/ro_cmds/lib/ro_helpers/redis/sync.rb:20:in `sync'
/home/roroco/Dropbox/rb-projs/spork/lib/spork/cells/changed_files.rb:38:in `reload_all'
/home/roroco/Dropbox/rb-projs/ro_preload/lib/ro_cells/preload/server.rb:108:in `block in start'
/home/roroco/Dropbox/rb-projs/ro_preload/lib/ro_cells/preload/server.rb:102:in `loop'
/home/roroco/Dropbox/rb-projs/ro_preload/lib/ro_cells/preload/server.rb:102:in `start'
/home/roroco/Dropbox/rb-projs/ro_preload/lib/ro_cells/preload/server.rb:46:in `restart'
/home/roroco/Dropbox/rb-projs/ro_cmds/lib/ro_helpers/cmds/kls/meta.rb:135:in `block (2 levels) in delegate_ins_meth'
/home/roroco/Dropbox/rb-projs/ro_cmds/lib/ro_helpers/cmds/kls.rb:51:in `start'
/home/roroco/Dropbox/rb-projs/ro_cmds/lib/ro_cmds_runner.rb:31:in `start'
/home/roroco/Dropbox/rb-projs/ro_cmds/lib/ro_cmds_bin.rb:2:in `<top (required)>'
/home/roroco/Dropbox/rb-projs/ro_cmds/bin/ro:2:in `load'
/home/roroco/Dropbox/rb-projs/ro_cmds/bin/ro:2:in `<top (required)>'
/home/roroco/.rbenv/versions/2.1.2/lib/ruby/gems/2.1.0/bin/ro:23:in `load'
/home/roroco/.rbenv/versions/2.1.2/lib/ruby/gems/2.1.0/bin/ro:23:in `<main>'
2014-10-11 21:01:12 - Error:{TypeError} no implicit conversion of nil into String
2014-10-11 21:01:12 - Backtrace:
2014-10-11 21:01:12 - /home/roroco/Dropbox/rb-projs/ro_cmds/lib/ro_helpers/cmds/ins/misc.rb:99:in `initialize'
/home/roroco/Dropbox/rb-projs/ro_cmds/lib/ro_helpers/cmds/ins/misc.rb:99:in `new'
/home/roroco/Dropbox/rb-projs/ro_cmds/lib/ro_helpers/cmds/ins/misc.rb:99:in `parent_basename_and_basename'
/home/roroco/Dropbox/rb-projs/ro_r4py/lib/ro_cells/r4py/gens/test_file.rb:37:in `block in test_file'
/home/roroco/Dropbox/rb-projs/ro_r4py/lib/ro_cells/r4py/gens/test_file.rb:43:in `call'
/home/roroco/Dropbox/rb-projs/ro_r4py/lib/ro_cells/r4py/gens/test_file.rb:43:in `test_file'
/home/roroco/Dropbox/rb-projs/ro_cmds_plus/lib/ro_cmds/test_file.rb:72:in `template'
/home/roroco/Dropbox/rb-projs/ro_r4py/lib/ro_cells/r4py/gens/test_file.rb:20:in `test_helper'
/home/roroco/Dropbox/rb-projs/ro_r4py/lib/ro_cells/r4py/gens/test_file.rb:13:in `create'
/home/roroco/Dropbox/rb-projs/ro_r4py/lib/ro_cmds/r4py_gen.rb:14:in `test_file'
/home/roroco/Dropbox/rb-projs/ro_cmds/lib/ro_helpers/cmds/kls.rb:51:in `start'
/home/roroco/Dropbox/rb-projs/ro_cmds/lib/ro_cmds_runner.rb:31:in `start'
/home/roroco/Dropbox/rb-projs/ro_cmds/lib/ro_cmds_bin.rb:2:in `<top (required)>'
/home/roroco/Dropbox/rb-projs/ro_cmds/lib/ro_misc/exe.rb:372:in `load'
/home/roroco/Dropbox/rb-projs/ro_cmds/lib/ro_misc/exe.rb:372:in `ro'
/home/roroco/Dropbox/rb-projs/ro_cmds/lib/ro_misc/exe.rb:64:in `ptf'
/home/roroco/Dropbox/rb-projs/ro_r4py/exe.rb:4:in `<top (required)>'
/home/roroco/.rbenv/versions/2.1.2/lib/ruby/gems/2.1.0/gems/ruby-debug-ide-0.4.23.beta1/lib/ruby-debug-ide.rb:86:in `debug_load'
/home/roroco/.rbenv/versions/2.1.2/lib/ruby/gems/2.1.0/gems/ruby-debug-ide-0.4.23.beta1/lib/ruby-debug-ide.rb:86:in `debug_program'
/home/roroco/.rbenv/versions/2.1.2/lib/ruby/gems/2.1.0/gems/ruby-debug-ide-0.4.23.beta1/bin/rdebug-ide:110:in `<top (required)>'
-e:1:in `load'
-e:1:in `<main>'
2014-10-11 21:02:38 - Error:{TypeError} can't dup NilClass
2014-10-11 21:02:38 - Backtrace:
2014-10-11 21:02:38 - /home/roroco/Dropbox/rb-projs/ro_cmds/lib/ro_core_exts/object.rb:167:in `dup'
/home/roroco/Dropbox/rb-projs/ro_cmds/lib/ro_core_exts/object.rb:167:in `have_val?'
/home/roroco/Dropbox/rb-projs/ro_cmds/lib/ro_cells/assertor.rb:29:in `start'
/home/roroco/Dropbox/rb-projs/ro_cmds/lib/ro_core_exts/kernel.rb:49:in `assert'
/home/roroco/Dropbox/rb-projs/ro_cmds/lib/ro_helpers/cmds/ins/misc.rb:99:in `parent_basename_and_basename'
/home/roroco/Dropbox/rb-projs/ro_r4py/lib/ro_cells/r4py/gens/test_file.rb:37:in `block in test_file'
/home/roroco/Dropbox/rb-projs/ro_r4py/lib/ro_cells/r4py/gens/test_file.rb:43:in `call'
/home/roroco/Dropbox/rb-projs/ro_r4py/lib/ro_cells/r4py/gens/test_file.rb:43:in `test_file'
/home/roroco/Dropbox/rb-projs/ro_cmds_plus/lib/ro_cmds/test_file.rb:72:in `template'
/home/roroco/Dropbox/rb-projs/ro_r4py/lib/ro_cells/r4py/gens/test_file.rb:20:in `test_helper'
/home/roroco/Dropbox/rb-projs/ro_r4py/lib/ro_cells/r4py/gens/test_file.rb:13:in `create'
/home/roroco/Dropbox/rb-projs/ro_r4py/lib/ro_cmds/r4py_gen.rb:14:in `test_file'
/home/roroco/Dropbox/rb-projs/ro_cmds/lib/ro_helpers/cmds/kls.rb:51:in `start'
/home/roroco/Dropbox/rb-projs/ro_cmds/lib/ro_cmds_runner.rb:31:in `start'
/home/roroco/Dropbox/rb-projs/ro_cmds/lib/ro_cmds_bin.rb:2:in `<top (required)>'
/home/roroco/Dropbox/rb-projs/ro_cmds/lib/ro_misc/exe.rb:372:in `load'
/home/roroco/Dropbox/rb-projs/ro_cmds/lib/ro_misc/exe.rb:372:in `ro'
/home/roroco/Dropbox/rb-projs/ro_cmds/lib/ro_misc/exe.rb:64:in `ptf'
/home/roroco/Dropbox/rb-projs/ro_r4py/exe.rb:4:in `<top (required)>'
/home/roroco/.rbenv/versions/2.1.2/lib/ruby/gems/2.1.0/gems/ruby-debug-ide-0.4.23.beta1/lib/ruby-debug-ide.rb:86:in `debug_load'
/home/roroco/.rbenv/versions/2.1.2/lib/ruby/gems/2.1.0/gems/ruby-debug-ide-0.4.23.beta1/lib/ruby-debug-ide.rb:86:in `debug_program'
/home/roroco/.rbenv/versions/2.1.2/lib/ruby/gems/2.1.0/gems/ruby-debug-ide-0.4.23.beta1/bin/rdebug-ide:110:in `<top (required)>'
-e:1:in `load'
-e:1:in `<main>'
2014-10-11 21:13:38 - Error:{RoErrs::NoMeth} no meth #<RoCells::R4py::Gens::TestFile:0x007f3c381e3428>.assert
meth is called at /home/roroco/Dropbox/rb-projs/ro_cmds/lib/ro_helpers/cmds/ins/misc.rb:99 in parent_basename_and_basename

2014-10-11 21:13:38 - Backtrace:
2014-10-11 21:13:38 - /home/roroco/Dropbox/rb-projs/ro_cmds/lib/ro_helpers/cmds/ins.rb:56:in `block in method_missing'
/home/roroco/Dropbox/rb-projs/ro_cmds/lib/ro_helpers/cmds/ins.rb:70:in `find_just_once'
/home/roroco/Dropbox/rb-projs/ro_cmds/lib/ro_helpers/cmds/ins.rb:42:in `method_missing'
/home/roroco/Dropbox/rb-projs/ro_cmds/lib/ro_helpers/cmds/ins/misc.rb:99:in `parent_basename_and_basename'
/home/roroco/Dropbox/rb-projs/ro_r4py/lib/ro_cells/r4py/gens/test_file.rb:37:in `block in test_file'
/home/roroco/Dropbox/rb-projs/ro_r4py/lib/ro_cells/r4py/gens/test_file.rb:43:in `call'
/home/roroco/Dropbox/rb-projs/ro_r4py/lib/ro_cells/r4py/gens/test_file.rb:43:in `test_file'
/home/roroco/Dropbox/rb-projs/ro_cmds_plus/lib/ro_cmds/test_file.rb:72:in `template'
/home/roroco/Dropbox/rb-projs/ro_r4py/lib/ro_cells/r4py/gens/test_file.rb:20:in `test_helper'
/home/roroco/Dropbox/rb-projs/ro_r4py/lib/ro_cells/r4py/gens/test_file.rb:13:in `create'
/home/roroco/Dropbox/rb-projs/ro_r4py/lib/ro_cmds/r4py_gen.rb:14:in `test_file'
/home/roroco/Dropbox/rb-projs/ro_cmds/lib/ro_helpers/cmds/kls.rb:51:in `start'
/home/roroco/Dropbox/rb-projs/ro_cmds/lib/ro_cmds_runner.rb:31:in `start'
/home/roroco/Dropbox/rb-projs/ro_cmds/lib/ro_cmds_bin.rb:2:in `<top (required)>'
/home/roroco/Dropbox/rb-projs/ro_cmds/lib/ro_misc/exe.rb:372:in `load'
/home/roroco/Dropbox/rb-projs/ro_cmds/lib/ro_misc/exe.rb:372:in `ro'
/home/roroco/Dropbox/rb-projs/ro_cmds/lib/ro_misc/exe.rb:64:in `ptf'
/home/roroco/Dropbox/rb-projs/ro_r4py/exe.rb:4:in `<top (required)>'
/home/roroco/.rbenv/versions/2.1.2/lib/ruby/gems/2.1.0/gems/ruby-debug-ide-0.4.23.beta1/lib/ruby-debug-ide.rb:86:in `debug_load'
/home/roroco/.rbenv/versions/2.1.2/lib/ruby/gems/2.1.0/gems/ruby-debug-ide-0.4.23.beta1/lib/ruby-debug-ide.rb:86:in `debug_program'
/home/roroco/.rbenv/versions/2.1.2/lib/ruby/gems/2.1.0/gems/ruby-debug-ide-0.4.23.beta1/bin/rdebug-ide:110:in `<top (required)>'
-e:1:in `load'
-e:1:in `<main>'
2014-10-11 21:14:29 - Error:{TypeError} can't dup NilClass
2014-10-11 21:14:29 - Backtrace:
2014-10-11 21:14:29 - /home/roroco/Dropbox/rb-projs/ro_cmds/lib/ro_core_exts/object.rb:167:in `dup'
/home/roroco/Dropbox/rb-projs/ro_cmds/lib/ro_core_exts/object.rb:167:in `have_val?'
/home/roroco/Dropbox/rb-projs/ro_cmds/lib/ro_cells/assertor.rb:28:in `assert'
/home/roroco/Dropbox/rb-projs/ro_cmds/lib/ro_core_exts/kernel.rb:49:in `ro_assert'
/home/roroco/Dropbox/rb-projs/ro_cmds/lib/ro_helpers/cmds/ins/misc.rb:99:in `parent_basename_and_basename'
/home/roroco/Dropbox/rb-projs/ro_r4py/lib/ro_cells/r4py/gens/test_file.rb:37:in `block in test_file'
/home/roroco/Dropbox/rb-projs/ro_r4py/lib/ro_cells/r4py/gens/test_file.rb:43:in `call'
/home/roroco/Dropbox/rb-projs/ro_r4py/lib/ro_cells/r4py/gens/test_file.rb:43:in `test_file'
/home/roroco/Dropbox/rb-projs/ro_cmds_plus/lib/ro_cmds/test_file.rb:72:in `template'
/home/roroco/Dropbox/rb-projs/ro_r4py/lib/ro_cells/r4py/gens/test_file.rb:20:in `test_helper'
/home/roroco/Dropbox/rb-projs/ro_r4py/lib/ro_cells/r4py/gens/test_file.rb:13:in `create'
/home/roroco/Dropbox/rb-projs/ro_r4py/lib/ro_cmds/r4py_gen.rb:14:in `test_file'
/home/roroco/Dropbox/rb-projs/ro_cmds/lib/ro_helpers/cmds/kls.rb:51:in `start'
/home/roroco/Dropbox/rb-projs/ro_cmds/lib/ro_cmds_runner.rb:31:in `start'
/home/roroco/Dropbox/rb-projs/ro_cmds/lib/ro_cmds_bin.rb:2:in `<top (required)>'
/home/roroco/Dropbox/rb-projs/ro_cmds/lib/ro_misc/exe.rb:372:in `load'
/home/roroco/Dropbox/rb-projs/ro_cmds/lib/ro_misc/exe.rb:372:in `ro'
/home/roroco/Dropbox/rb-projs/ro_cmds/lib/ro_misc/exe.rb:64:in `ptf'
/home/roroco/Dropbox/rb-projs/ro_r4py/exe.rb:4:in `<top (required)>'
/home/roroco/.rbenv/versions/2.1.2/lib/ruby/gems/2.1.0/gems/ruby-debug-ide-0.4.23.beta1/lib/ruby-debug-ide.rb:86:in `debug_load'
/home/roroco/.rbenv/versions/2.1.2/lib/ruby/gems/2.1.0/gems/ruby-debug-ide-0.4.23.beta1/lib/ruby-debug-ide.rb:86:in `debug_program'
/home/roroco/.rbenv/versions/2.1.2/lib/ruby/gems/2.1.0/gems/ruby-debug-ide-0.4.23.beta1/bin/rdebug-ide:110:in `<top (required)>'
-e:1:in `load'
-e:1:in `<main>'
2014-10-11 21:16:28 - Error:{RoErrs::AssertionErr} assert obj.have_val?(), err is raised in /home/roroco/Dropbox/rb-projs/ro_cmds/lib/ro_helpers/cmds/ins/misc.rb:99 in parent_basename_and_basename
2014-10-11 21:16:28 - Backtrace:
2014-10-11 21:16:28 - /home/roroco/Dropbox/rb-projs/ro_cmds/lib/ro_cells/assertor.rb:9:in `raise_err'
/home/roroco/Dropbox/rb-projs/ro_cmds/lib/ro_cells/assertor.rb:33:in `assert'
/home/roroco/Dropbox/rb-projs/ro_cmds/lib/ro_core_exts/kernel.rb:49:in `ro_assert'
/home/roroco/Dropbox/rb-projs/ro_cmds/lib/ro_helpers/cmds/ins/misc.rb:99:in `parent_basename_and_basename'
/home/roroco/Dropbox/rb-projs/ro_r4py/lib/ro_cells/r4py/gens/test_file.rb:37:in `block in test_file'
/home/roroco/Dropbox/rb-projs/ro_r4py/lib/ro_cells/r4py/gens/test_file.rb:43:in `call'
/home/roroco/Dropbox/rb-projs/ro_r4py/lib/ro_cells/r4py/gens/test_file.rb:43:in `test_file'
/home/roroco/Dropbox/rb-projs/ro_cmds_plus/lib/ro_cmds/test_file.rb:72:in `template'
/home/roroco/Dropbox/rb-projs/ro_r4py/lib/ro_cells/r4py/gens/test_file.rb:20:in `test_helper'
/home/roroco/Dropbox/rb-projs/ro_r4py/lib/ro_cells/r4py/gens/test_file.rb:13:in `create'
/home/roroco/Dropbox/rb-projs/ro_r4py/lib/ro_cmds/r4py_gen.rb:14:in `test_file'
/home/roroco/Dropbox/rb-projs/ro_cmds/lib/ro_helpers/cmds/kls.rb:51:in `start'
/home/roroco/Dropbox/rb-projs/ro_cmds/lib/ro_cmds_runner.rb:31:in `start'
/home/roroco/Dropbox/rb-projs/ro_cmds/lib/ro_cmds_bin.rb:2:in `<top (required)>'
/home/roroco/Dropbox/rb-projs/ro_cmds/lib/ro_misc/exe.rb:372:in `load'
/home/roroco/Dropbox/rb-projs/ro_cmds/lib/ro_misc/exe.rb:372:in `ro'
/home/roroco/Dropbox/rb-projs/ro_cmds/lib/ro_misc/exe.rb:64:in `ptf'
/home/roroco/Dropbox/rb-projs/ro_r4py/exe.rb:4:in `<top (required)>'
/home/roroco/.rbenv/versions/2.1.2/lib/ruby/gems/2.1.0/gems/ruby-debug-ide-0.4.23.beta1/lib/ruby-debug-ide.rb:86:in `debug_load'
/home/roroco/.rbenv/versions/2.1.2/lib/ruby/gems/2.1.0/gems/ruby-debug-ide-0.4.23.beta1/lib/ruby-debug-ide.rb:86:in `debug_program'
/home/roroco/.rbenv/versions/2.1.2/lib/ruby/gems/2.1.0/gems/ruby-debug-ide-0.4.23.beta1/bin/rdebug-ide:110:in `<top (required)>'
-e:1:in `load'
-e:1:in `<main>'
2014-10-11 21:18:17 - Error:{RoErrs::AssertionErr} assert .have_val?(), err is raised in /home/roroco/Dropbox/rb-projs/ro_cmds/lib/ro_helpers/cmds/ins/misc.rb:99 in parent_basename_and_basename
2014-10-11 21:18:17 - Backtrace:
2014-10-11 21:18:17 - /home/roroco/Dropbox/rb-projs/ro_cmds/lib/ro_cells/assertor.rb:9:in `raise_err'
/home/roroco/Dropbox/rb-projs/ro_cmds/lib/ro_cells/assertor.rb:34:in `assert'
/home/roroco/Dropbox/rb-projs/ro_cmds/lib/ro_core_exts/kernel.rb:49:in `ro_assert'
/home/roroco/Dropbox/rb-projs/ro_cmds/lib/ro_helpers/cmds/ins/misc.rb:99:in `parent_basename_and_basename'
/home/roroco/Dropbox/rb-projs/ro_r4py/lib/ro_cells/r4py/gens/test_file.rb:37:in `block in test_file'
/home/roroco/Dropbox/rb-projs/ro_r4py/lib/ro_cells/r4py/gens/test_file.rb:43:in `call'
/home/roroco/Dropbox/rb-projs/ro_r4py/lib/ro_cells/r4py/gens/test_file.rb:43:in `test_file'
/home/roroco/Dropbox/rb-projs/ro_cmds_plus/lib/ro_cmds/test_file.rb:72:in `template'
/home/roroco/Dropbox/rb-projs/ro_r4py/lib/ro_cells/r4py/gens/test_file.rb:20:in `test_helper'
/home/roroco/Dropbox/rb-projs/ro_r4py/lib/ro_cells/r4py/gens/test_file.rb:13:in `create'
/home/roroco/Dropbox/rb-projs/ro_r4py/lib/ro_cmds/r4py_gen.rb:14:in `test_file'
/home/roroco/Dropbox/rb-projs/ro_cmds/lib/ro_helpers/cmds/kls.rb:51:in `start'
/home/roroco/Dropbox/rb-projs/ro_cmds/lib/ro_cmds_runner.rb:31:in `start'
/home/roroco/Dropbox/rb-projs/ro_cmds/lib/ro_cmds_bin.rb:2:in `<top (required)>'
/home/roroco/Dropbox/rb-projs/ro_cmds/lib/ro_misc/exe.rb:372:in `load'
/home/roroco/Dropbox/rb-projs/ro_cmds/lib/ro_misc/exe.rb:372:in `ro'
/home/roroco/Dropbox/rb-projs/ro_cmds/lib/ro_misc/exe.rb:64:in `ptf'
/home/roroco/Dropbox/rb-projs/ro_r4py/exe.rb:4:in `<top (required)>'
/home/roroco/.rbenv/versions/2.1.2/lib/ruby/gems/2.1.0/gems/ruby-debug-ide-0.4.23.beta1/lib/ruby-debug-ide.rb:86:in `debug_load'
/home/roroco/.rbenv/versions/2.1.2/lib/ruby/gems/2.1.0/gems/ruby-debug-ide-0.4.23.beta1/lib/ruby-debug-ide.rb:86:in `debug_program'
/home/roroco/.rbenv/versions/2.1.2/lib/ruby/gems/2.1.0/gems/ruby-debug-ide-0.4.23.beta1/bin/rdebug-ide:110:in `<top (required)>'
-e:1:in `load'
-e:1:in `<main>'
2014-10-11 21:20:57 - Error:{TypeError} no implicit conversion of nil into String
2014-10-11 21:20:57 - Backtrace:
2014-10-11 21:20:57 - /home/roroco/Dropbox/rb-projs/ro_cmds/lib/ro_cells/assertor.rb:33:in `format'
/home/roroco/Dropbox/rb-projs/ro_cmds/lib/ro_cells/assertor.rb:33:in `assert'
/home/roroco/Dropbox/rb-projs/ro_cmds/lib/ro_core_exts/kernel.rb:49:in `ro_assert'
/home/roroco/Dropbox/rb-projs/ro_cmds/lib/ro_helpers/cmds/ins/misc.rb:99:in `parent_basename_and_basename'
/home/roroco/Dropbox/rb-projs/ro_r4py/lib/ro_cells/r4py/gens/test_file.rb:37:in `block in test_file'
/home/roroco/Dropbox/rb-projs/ro_r4py/lib/ro_cells/r4py/gens/test_file.rb:43:in `call'
/home/roroco/Dropbox/rb-projs/ro_r4py/lib/ro_cells/r4py/gens/test_file.rb:43:in `test_file'
/home/roroco/Dropbox/rb-projs/ro_cmds_plus/lib/ro_cmds/test_file.rb:72:in `template'
/home/roroco/Dropbox/rb-projs/ro_r4py/lib/ro_cells/r4py/gens/test_file.rb:20:in `test_helper'
/home/roroco/Dropbox/rb-projs/ro_r4py/lib/ro_cells/r4py/gens/test_file.rb:13:in `create'
/home/roroco/Dropbox/rb-projs/ro_r4py/lib/ro_cmds/r4py_gen.rb:14:in `test_file'
/home/roroco/Dropbox/rb-projs/ro_cmds/lib/ro_helpers/cmds/kls.rb:51:in `start'
/home/roroco/Dropbox/rb-projs/ro_cmds/lib/ro_cmds_runner.rb:31:in `start'
/home/roroco/Dropbox/rb-projs/ro_cmds/lib/ro_cmds_bin.rb:2:in `<top (required)>'
/home/roroco/Dropbox/rb-projs/ro_cmds/lib/ro_misc/exe.rb:372:in `load'
/home/roroco/Dropbox/rb-projs/ro_cmds/lib/ro_misc/exe.rb:372:in `ro'
/home/roroco/Dropbox/rb-projs/ro_cmds/lib/ro_misc/exe.rb:64:in `ptf'
/home/roroco/Dropbox/rb-projs/ro_r4py/exe.rb:4:in `<top (required)>'
/home/roroco/.rbenv/versions/2.1.2/lib/ruby/gems/2.1.0/gems/ruby-debug-ide-0.4.23.beta1/lib/ruby-debug-ide.rb:86:in `debug_load'
/home/roroco/.rbenv/versions/2.1.2/lib/ruby/gems/2.1.0/gems/ruby-debug-ide-0.4.23.beta1/lib/ruby-debug-ide.rb:86:in `debug_program'
/home/roroco/.rbenv/versions/2.1.2/lib/ruby/gems/2.1.0/gems/ruby-debug-ide-0.4.23.beta1/bin/rdebug-ide:110:in `<top (required)>'
-e:1:in `load'
-e:1:in `<main>'
2014-10-11 21:22:24 - Error:{NameError} undefined local variable or method `smth' for nil:NilClass
2014-10-11 21:22:24 - Backtrace:
2014-10-11 21:22:24 - /home/roroco/Dropbox/rb-projs/ro_cmds/lib/ro_core_exts/object.rb:195:in `output'
/home/roroco/Dropbox/rb-projs/ro_cmds/lib/ro_cells/assertor.rb:33:in `assert'
/home/roroco/Dropbox/rb-projs/ro_cmds/lib/ro_core_exts/kernel.rb:49:in `ro_assert'
/home/roroco/Dropbox/rb-projs/ro_cmds/lib/ro_helpers/cmds/ins/misc.rb:99:in `parent_basename_and_basename'
/home/roroco/Dropbox/rb-projs/ro_r4py/lib/ro_cells/r4py/gens/test_file.rb:37:in `block in test_file'
/home/roroco/Dropbox/rb-projs/ro_r4py/lib/ro_cells/r4py/gens/test_file.rb:43:in `call'
/home/roroco/Dropbox/rb-projs/ro_r4py/lib/ro_cells/r4py/gens/test_file.rb:43:in `test_file'
/home/roroco/Dropbox/rb-projs/ro_cmds_plus/lib/ro_cmds/test_file.rb:72:in `template'
/home/roroco/Dropbox/rb-projs/ro_r4py/lib/ro_cells/r4py/gens/test_file.rb:20:in `test_helper'
/home/roroco/Dropbox/rb-projs/ro_r4py/lib/ro_cells/r4py/gens/test_file.rb:13:in `create'
/home/roroco/Dropbox/rb-projs/ro_r4py/lib/ro_cmds/r4py_gen.rb:14:in `test_file'
/home/roroco/Dropbox/rb-projs/ro_cmds/lib/ro_helpers/cmds/kls.rb:51:in `start'
/home/roroco/Dropbox/rb-projs/ro_cmds/lib/ro_cmds_runner.rb:31:in `start'
/home/roroco/Dropbox/rb-projs/ro_cmds/lib/ro_cmds_bin.rb:2:in `<top (required)>'
/home/roroco/Dropbox/rb-projs/ro_cmds/lib/ro_misc/exe.rb:372:in `load'
/home/roroco/Dropbox/rb-projs/ro_cmds/lib/ro_misc/exe.rb:372:in `ro'
/home/roroco/Dropbox/rb-projs/ro_cmds/lib/ro_misc/exe.rb:64:in `ptf'
/home/roroco/Dropbox/rb-projs/ro_r4py/exe.rb:4:in `<top (required)>'
/home/roroco/.rbenv/versions/2.1.2/lib/ruby/gems/2.1.0/gems/ruby-debug-ide-0.4.23.beta1/lib/ruby-debug-ide.rb:86:in `debug_load'
/home/roroco/.rbenv/versions/2.1.2/lib/ruby/gems/2.1.0/gems/ruby-debug-ide-0.4.23.beta1/lib/ruby-debug-ide.rb:86:in `debug_program'
/home/roroco/.rbenv/versions/2.1.2/lib/ruby/gems/2.1.0/gems/ruby-debug-ide-0.4.23.beta1/bin/rdebug-ide:110:in `<top (required)>'
-e:1:in `load'
-e:1:in `<main>'
2014-10-11 21:22:39 - Error:{NameError} undefined local variable or method `smth' for nil:NilClass
2014-10-11 21:22:39 - Backtrace:
2014-10-11 21:22:39 - /home/roroco/Dropbox/rb-projs/ro_cmds/lib/ro_core_exts/object.rb:197:in `output'
/home/roroco/Dropbox/rb-projs/ro_cmds/lib/ro_cells/assertor.rb:33:in `assert'
/home/roroco/Dropbox/rb-projs/ro_cmds/lib/ro_core_exts/kernel.rb:49:in `ro_assert'
/home/roroco/Dropbox/rb-projs/ro_cmds/lib/ro_helpers/cmds/ins/misc.rb:99:in `parent_basename_and_basename'
/home/roroco/Dropbox/rb-projs/ro_r4py/lib/ro_cells/r4py/gens/test_file.rb:37:in `block in test_file'
/home/roroco/Dropbox/rb-projs/ro_r4py/lib/ro_cells/r4py/gens/test_file.rb:43:in `call'
/home/roroco/Dropbox/rb-projs/ro_r4py/lib/ro_cells/r4py/gens/test_file.rb:43:in `test_file'
/home/roroco/Dropbox/rb-projs/ro_cmds_plus/lib/ro_cmds/test_file.rb:72:in `template'
/home/roroco/Dropbox/rb-projs/ro_r4py/lib/ro_cells/r4py/gens/test_file.rb:20:in `test_helper'
/home/roroco/Dropbox/rb-projs/ro_r4py/lib/ro_cells/r4py/gens/test_file.rb:13:in `create'
/home/roroco/Dropbox/rb-projs/ro_r4py/lib/ro_cmds/r4py_gen.rb:14:in `test_file'
/home/roroco/Dropbox/rb-projs/ro_cmds/lib/ro_helpers/cmds/kls.rb:51:in `start'
/home/roroco/Dropbox/rb-projs/ro_cmds/lib/ro_cmds_runner.rb:31:in `start'
/home/roroco/Dropbox/rb-projs/ro_cmds/lib/ro_cmds_bin.rb:2:in `<top (required)>'
/home/roroco/Dropbox/rb-projs/ro_cmds/lib/ro_misc/exe.rb:372:in `load'
/home/roroco/Dropbox/rb-projs/ro_cmds/lib/ro_misc/exe.rb:372:in `ro'
/home/roroco/Dropbox/rb-projs/ro_cmds/lib/ro_misc/exe.rb:64:in `ptf'
/home/roroco/Dropbox/rb-projs/ro_r4py/exe.rb:4:in `<top (required)>'
/home/roroco/.rbenv/versions/2.1.2/lib/ruby/gems/2.1.0/gems/ruby-debug-ide-0.4.23.beta1/lib/ruby-debug-ide.rb:86:in `debug_load'
/home/roroco/.rbenv/versions/2.1.2/lib/ruby/gems/2.1.0/gems/ruby-debug-ide-0.4.23.beta1/lib/ruby-debug-ide.rb:86:in `debug_program'
/home/roroco/.rbenv/versions/2.1.2/lib/ruby/gems/2.1.0/gems/ruby-debug-ide-0.4.23.beta1/bin/rdebug-ide:110:in `<top (required)>'
-e:1:in `load'
-e:1:in `<main>'
2014-10-11 21:22:57 - Error:{RoErrs::AssertionErr} assert nil.have_val?(), err is raised in /home/roroco/Dropbox/rb-projs/ro_cmds/lib/ro_helpers/cmds/ins/misc.rb:99 in parent_basename_and_basename
2014-10-11 21:22:57 - Backtrace:
2014-10-11 21:22:57 - /home/roroco/Dropbox/rb-projs/ro_cmds/lib/ro_cells/assertor.rb:9:in `raise_err'
/home/roroco/Dropbox/rb-projs/ro_cmds/lib/ro_cells/assertor.rb:33:in `assert'
/home/roroco/Dropbox/rb-projs/ro_cmds/lib/ro_core_exts/kernel.rb:49:in `ro_assert'
/home/roroco/Dropbox/rb-projs/ro_cmds/lib/ro_helpers/cmds/ins/misc.rb:99:in `parent_basename_and_basename'
/home/roroco/Dropbox/rb-projs/ro_r4py/lib/ro_cells/r4py/gens/test_file.rb:37:in `block in test_file'
/home/roroco/Dropbox/rb-projs/ro_r4py/lib/ro_cells/r4py/gens/test_file.rb:43:in `call'
/home/roroco/Dropbox/rb-projs/ro_r4py/lib/ro_cells/r4py/gens/test_file.rb:43:in `test_file'
/home/roroco/Dropbox/rb-projs/ro_cmds_plus/lib/ro_cmds/test_file.rb:72:in `template'
/home/roroco/Dropbox/rb-projs/ro_r4py/lib/ro_cells/r4py/gens/test_file.rb:20:in `test_helper'
/home/roroco/Dropbox/rb-projs/ro_r4py/lib/ro_cells/r4py/gens/test_file.rb:13:in `create'
/home/roroco/Dropbox/rb-projs/ro_r4py/lib/ro_cmds/r4py_gen.rb:14:in `test_file'
/home/roroco/Dropbox/rb-projs/ro_cmds/lib/ro_helpers/cmds/kls.rb:51:in `start'
/home/roroco/Dropbox/rb-projs/ro_cmds/lib/ro_cmds_runner.rb:31:in `start'
/home/roroco/Dropbox/rb-projs/ro_cmds/lib/ro_cmds_bin.rb:2:in `<top (required)>'
/home/roroco/Dropbox/rb-projs/ro_cmds/lib/ro_misc/exe.rb:372:in `load'
/home/roroco/Dropbox/rb-projs/ro_cmds/lib/ro_misc/exe.rb:372:in `ro'
/home/roroco/Dropbox/rb-projs/ro_cmds/lib/ro_misc/exe.rb:64:in `ptf'
/home/roroco/Dropbox/rb-projs/ro_r4py/exe.rb:4:in `<top (required)>'
/home/roroco/.rbenv/versions/2.1.2/lib/ruby/gems/2.1.0/gems/ruby-debug-ide-0.4.23.beta1/lib/ruby-debug-ide.rb:86:in `debug_load'
/home/roroco/.rbenv/versions/2.1.2/lib/ruby/gems/2.1.0/gems/ruby-debug-ide-0.4.23.beta1/lib/ruby-debug-ide.rb:86:in `debug_program'
/home/roroco/.rbenv/versions/2.1.2/lib/ruby/gems/2.1.0/gems/ruby-debug-ide-0.4.23.beta1/bin/rdebug-ide:110:in `<top (required)>'
-e:1:in `load'
-e:1:in `<main>'
2014-10-11 21:28:17 - Error:{NoMethodError} undefined method `mod_name' for #<RoCells::R4py::TestFileAttrs:0x007f39fc2bc248>
2014-10-11 21:28:17 - Backtrace:
2014-10-11 21:28:17 - (erb):2:in `block in _template'
(erb):1:in `tap'
(erb):1:in `_template'
/home/roroco/.rbenv/versions/2.1.2/lib/ruby/2.1.0/erb.rb:850:in `eval'
/home/roroco/.rbenv/versions/2.1.2/lib/ruby/2.1.0/erb.rb:850:in `result'
/home/roroco/Dropbox/rb-projs/ro_cmds_plus/lib/ro_helpers/template.rb:96:in `_template'
/home/roroco/Dropbox/rb-projs/ro_cmds_plus/lib/ro_helpers/template.rb:53:in `template'
/home/roroco/Dropbox/rb-projs/ro_cmds_plus/lib/ro_cmds/test_file.rb:71:in `template'
/home/roroco/Dropbox/rb-projs/ro_cmds_plus/lib/ro_cmds/test_file.rb:55:in `create'
/home/roroco/Dropbox/rb-projs/ro_r4py/lib/ro_cmds/r4py_gen.rb:15:in `test_file'
/home/roroco/Dropbox/rb-projs/ro_cmds/lib/ro_helpers/cmds/kls.rb:51:in `start'
/home/roroco/Dropbox/rb-projs/ro_cmds/lib/ro_cmds_runner.rb:31:in `start'
/home/roroco/Dropbox/rb-projs/ro_cmds/lib/ro_cmds_bin.rb:2:in `<top (required)>'
/home/roroco/Dropbox/rb-projs/ro_cmds/lib/ro_misc/exe.rb:372:in `load'
/home/roroco/Dropbox/rb-projs/ro_cmds/lib/ro_misc/exe.rb:372:in `ro'
/home/roroco/Dropbox/rb-projs/ro_cmds/lib/ro_misc/exe.rb:64:in `ptf'
/home/roroco/Dropbox/rb-projs/ro_r4py/exe.rb:4:in `<top (required)>'
/home/roroco/.rbenv/versions/2.1.2/lib/ruby/gems/2.1.0/gems/ruby-debug-ide-0.4.23.beta1/lib/ruby-debug-ide.rb:86:in `debug_load'
/home/roroco/.rbenv/versions/2.1.2/lib/ruby/gems/2.1.0/gems/ruby-debug-ide-0.4.23.beta1/lib/ruby-debug-ide.rb:86:in `debug_program'
/home/roroco/.rbenv/versions/2.1.2/lib/ruby/gems/2.1.0/gems/ruby-debug-ide-0.4.23.beta1/bin/rdebug-ide:110:in `<top (required)>'
-e:1:in `load'
-e:1:in `<main>'
2014-10-11 21:29:07 - Error:{NoMethodError} undefined method `gsub' for RoFile:Class
2014-10-11 21:29:07 - Backtrace:
2014-10-11 21:29:07 - /home/roroco/Dropbox/rb-projs/ro_r4py/lib/ro_cells/r4py/gens/test_file.rb:18:in `format_py'
/home/roroco/Dropbox/rb-projs/ro_r4py/lib/ro_cells/r4py/gens/test_file.rb:14:in `format_file'
/home/roroco/Dropbox/rb-projs/ro_cmds_plus/lib/ro_helpers/template.rb:109:in `_template'
/home/roroco/Dropbox/rb-projs/ro_cmds_plus/lib/ro_helpers/template.rb:53:in `template'
/home/roroco/Dropbox/rb-projs/ro_cmds_plus/lib/ro_cmds/test_file.rb:71:in `template'
/home/roroco/Dropbox/rb-projs/ro_cmds_plus/lib/ro_cmds/test_file.rb:55:in `create'
/home/roroco/Dropbox/rb-projs/ro_r4py/lib/ro_cmds/r4py_gen.rb:15:in `test_file'
/home/roroco/Dropbox/rb-projs/ro_cmds/lib/ro_helpers/cmds/kls.rb:51:in `start'
/home/roroco/Dropbox/rb-projs/ro_cmds/lib/ro_cmds_runner.rb:31:in `start'
/home/roroco/Dropbox/rb-projs/ro_cmds/lib/ro_cmds_bin.rb:2:in `<top (required)>'
/home/roroco/Dropbox/rb-projs/ro_cmds/lib/ro_misc/exe.rb:372:in `load'
/home/roroco/Dropbox/rb-projs/ro_cmds/lib/ro_misc/exe.rb:372:in `ro'
/home/roroco/Dropbox/rb-projs/ro_cmds/lib/ro_misc/exe.rb:64:in `ptf'
/home/roroco/Dropbox/rb-projs/ro_r4py/exe.rb:4:in `<top (required)>'
/home/roroco/.rbenv/versions/2.1.2/lib/ruby/gems/2.1.0/gems/ruby-debug-ide-0.4.23.beta1/lib/ruby-debug-ide.rb:86:in `debug_load'
/home/roroco/.rbenv/versions/2.1.2/lib/ruby/gems/2.1.0/gems/ruby-debug-ide-0.4.23.beta1/lib/ruby-debug-ide.rb:86:in `debug_program'
/home/roroco/.rbenv/versions/2.1.2/lib/ruby/gems/2.1.0/gems/ruby-debug-ide-0.4.23.beta1/bin/rdebug-ide:110:in `<top (required)>'
-e:1:in `load'
-e:1:in `<main>'
2014-10-11 22:12:36 - Error:{LoadError} cannot load such file -- ro_cells/py/gens/proj
2014-10-11 22:12:36 - Backtrace:
2014-10-11 22:12:36 - /home/roroco/Dropbox/rb-projs/ro_r4py/lib/ro_cmds/r4py_gen.rb:2:in `require'
/home/roroco/Dropbox/rb-projs/ro_r4py/lib/ro_cmds/r4py_gen.rb:2:in `<top (required)>'
/home/roroco/Dropbox/rb-projs/ro_cmds/lib/ro_cmds_runner.rb:42:in `load'
/home/roroco/Dropbox/rb-projs/ro_cmds/lib/ro_cmds_runner.rb:42:in `load_ro_cmds'
/home/roroco/Dropbox/rb-projs/ro_cmds/lib/ro_cmds_runner.rb:30:in `start'
/home/roroco/Dropbox/rb-projs/ro_cmds/lib/ro_cmds_bin.rb:2:in `<top (required)>'
/home/roroco/Dropbox/rb-projs/ro_cmds/lib/ro_misc/exe.rb:372:in `load'
/home/roroco/Dropbox/rb-projs/ro_cmds/lib/ro_misc/exe.rb:372:in `ro'
/home/roroco/Dropbox/rb-projs/ro_cmds/lib/ro_misc/exe.rb:64:in `ptf'
/home/roroco/Dropbox/rb-projs/ro_r4py/exe.rb:4:in `<top (required)>'
/home/roroco/.rbenv/versions/2.1.2/lib/ruby/gems/2.1.0/gems/ruby-debug-ide-0.4.23.beta1/lib/ruby-debug-ide.rb:86:in `debug_load'
/home/roroco/.rbenv/versions/2.1.2/lib/ruby/gems/2.1.0/gems/ruby-debug-ide-0.4.23.beta1/lib/ruby-debug-ide.rb:86:in `debug_program'
/home/roroco/.rbenv/versions/2.1.2/lib/ruby/gems/2.1.0/gems/ruby-debug-ide-0.4.23.beta1/bin/rdebug-ide:110:in `<top (required)>'
-e:1:in `load'
-e:1:in `<main>'
2014-10-11 22:12:57 - Error:{LoadError} cannot load such file -- ro_cells/py/gens/proj
2014-10-11 22:12:57 - Backtrace:
2014-10-11 22:12:57 - /home/roroco/Dropbox/rb-projs/ro_r4py/lib/ro_cmds/r4py_gen.rb:2:in `require'
/home/roroco/Dropbox/rb-projs/ro_r4py/lib/ro_cmds/r4py_gen.rb:2:in `<top (required)>'
/home/roroco/Dropbox/rb-projs/ro_cmds/lib/ro_cmds_runner.rb:42:in `load'
/home/roroco/Dropbox/rb-projs/ro_cmds/lib/ro_cmds_runner.rb:42:in `load_ro_cmds'
/home/roroco/Dropbox/rb-projs/ro_cmds/lib/ro_cmds_runner.rb:30:in `start'
/home/roroco/Dropbox/rb-projs/ro_cmds/lib/ro_cmds_bin.rb:2:in `<top (required)>'
/home/roroco/Dropbox/rb-projs/ro_cmds/lib/ro_misc/exe.rb:372:in `load'
/home/roroco/Dropbox/rb-projs/ro_cmds/lib/ro_misc/exe.rb:372:in `ro'
/home/roroco/Dropbox/rb-projs/ro_cmds/lib/ro_misc/exe.rb:64:in `ptf'
/home/roroco/Dropbox/rb-projs/ro_r4py/exe.rb:4:in `<top (required)>'
/home/roroco/.rbenv/versions/2.1.2/lib/ruby/gems/2.1.0/gems/ruby-debug-ide-0.4.23.beta1/lib/ruby-debug-ide.rb:86:in `debug_load'
/home/roroco/.rbenv/versions/2.1.2/lib/ruby/gems/2.1.0/gems/ruby-debug-ide-0.4.23.beta1/lib/ruby-debug-ide.rb:86:in `debug_program'
/home/roroco/.rbenv/versions/2.1.2/lib/ruby/gems/2.1.0/gems/ruby-debug-ide-0.4.23.beta1/bin/rdebug-ide:110:in `<top (required)>'
-e:1:in `load'
-e:1:in `<main>'
2014-10-11 22:20:38 - Error:{LoadError} cannot load such file -- ro_cells/py/gens/proj
2014-10-11 22:20:38 - Backtrace:
2014-10-11 22:20:38 - /home/roroco/Dropbox/rb-projs/ro_r4py/lib/ro_cmds/r4py_gen.rb:2:in `require'
/home/roroco/Dropbox/rb-projs/ro_r4py/lib/ro_cmds/r4py_gen.rb:2:in `<top (required)>'
/home/roroco/Dropbox/rb-projs/ro_cmds/lib/ro_cmds_runner.rb:42:in `load'
/home/roroco/Dropbox/rb-projs/ro_cmds/lib/ro_cmds_runner.rb:42:in `load_ro_cmds'
/home/roroco/Dropbox/rb-projs/ro_cmds/lib/ro_cmds_runner.rb:30:in `start'
/home/roroco/Dropbox/rb-projs/ro_cmds/lib/ro_cmds_bin.rb:2:in `<top (required)>'
/home/roroco/Dropbox/rb-projs/ro_cmds/lib/ro_misc/exe.rb:372:in `load'
/home/roroco/Dropbox/rb-projs/ro_cmds/lib/ro_misc/exe.rb:372:in `ro'
/home/roroco/Dropbox/rb-projs/ro_cmds/lib/ro_misc/exe.rb:64:in `ptf'
/home/roroco/Dropbox/rb-projs/ro_r4py/exe.rb:4:in `<top (required)>'
/home/roroco/.rbenv/versions/2.1.2/lib/ruby/gems/2.1.0/gems/ruby-debug-ide-0.4.23.beta1/lib/ruby-debug-ide.rb:86:in `debug_load'
/home/roroco/.rbenv/versions/2.1.2/lib/ruby/gems/2.1.0/gems/ruby-debug-ide-0.4.23.beta1/lib/ruby-debug-ide.rb:86:in `debug_program'
/home/roroco/.rbenv/versions/2.1.2/lib/ruby/gems/2.1.0/gems/ruby-debug-ide-0.4.23.beta1/bin/rdebug-ide:110:in `<top (required)>'
-e:1:in `load'
-e:1:in `<main>'
2014-10-11 22:21:15 - Error:{LoadError} cannot load such file -- ro_cells/py/proj
2014-10-11 22:21:15 - Backtrace:
2014-10-11 22:21:15 - /home/roroco/Dropbox/rb-projs/ro_r4py/lib/ro_cmds/r4py_gen.rb:2:in `require'
/home/roroco/Dropbox/rb-projs/ro_r4py/lib/ro_cmds/r4py_gen.rb:2:in `<top (required)>'
/home/roroco/Dropbox/rb-projs/ro_cmds/lib/ro_cmds_runner.rb:42:in `load'
/home/roroco/Dropbox/rb-projs/ro_cmds/lib/ro_cmds_runner.rb:42:in `load_ro_cmds'
/home/roroco/Dropbox/rb-projs/ro_cmds/lib/ro_cmds_runner.rb:30:in `start'
/home/roroco/Dropbox/rb-projs/ro_cmds/lib/ro_cmds_bin.rb:2:in `<top (required)>'
/home/roroco/Dropbox/rb-projs/ro_cmds/lib/ro_misc/exe.rb:372:in `load'
/home/roroco/Dropbox/rb-projs/ro_cmds/lib/ro_misc/exe.rb:372:in `ro'
/home/roroco/Dropbox/rb-projs/ro_cmds/lib/ro_misc/exe.rb:64:in `ptf'
/home/roroco/Dropbox/rb-projs/ro_r4py/exe.rb:4:in `<top (required)>'
/home/roroco/.rbenv/versions/2.1.2/lib/ruby/gems/2.1.0/gems/ruby-debug-ide-0.4.23.beta1/lib/ruby-debug-ide.rb:86:in `debug_load'
/home/roroco/.rbenv/versions/2.1.2/lib/ruby/gems/2.1.0/gems/ruby-debug-ide-0.4.23.beta1/lib/ruby-debug-ide.rb:86:in `debug_program'
/home/roroco/.rbenv/versions/2.1.2/lib/ruby/gems/2.1.0/gems/ruby-debug-ide-0.4.23.beta1/bin/rdebug-ide:110:in `<top (required)>'
-e:1:in `load'
-e:1:in `<main>'
2014-10-11 22:21:35 - Error:{LoadError} cannot load such file -- ro_cells/r4py/test_file_attrs
2014-10-11 22:21:35 - Backtrace:
2014-10-11 22:21:35 - /home/roroco/Dropbox/rb-projs/ro_r4py/lib/ro_cmds/py_test_file.rb:4:in `require'
/home/roroco/Dropbox/rb-projs/ro_r4py/lib/ro_cmds/py_test_file.rb:4:in `<top (required)>'
/home/roroco/Dropbox/rb-projs/ro_r4py/lib/ro_cmds/r4py_gen.rb:3:in `require_relative'
/home/roroco/Dropbox/rb-projs/ro_r4py/lib/ro_cmds/r4py_gen.rb:3:in `<top (required)>'
/home/roroco/Dropbox/rb-projs/ro_cmds/lib/ro_cmds_runner.rb:42:in `load'
/home/roroco/Dropbox/rb-projs/ro_cmds/lib/ro_cmds_runner.rb:42:in `load_ro_cmds'
/home/roroco/Dropbox/rb-projs/ro_cmds/lib/ro_cmds_runner.rb:30:in `start'
/home/roroco/Dropbox/rb-projs/ro_cmds/lib/ro_cmds_bin.rb:2:in `<top (required)>'
/home/roroco/Dropbox/rb-projs/ro_cmds/lib/ro_misc/exe.rb:372:in `load'
/home/roroco/Dropbox/rb-projs/ro_cmds/lib/ro_misc/exe.rb:372:in `ro'
/home/roroco/Dropbox/rb-projs/ro_cmds/lib/ro_misc/exe.rb:64:in `ptf'
/home/roroco/Dropbox/rb-projs/ro_r4py/exe.rb:4:in `<top (required)>'
/home/roroco/.rbenv/versions/2.1.2/lib/ruby/gems/2.1.0/gems/ruby-debug-ide-0.4.23.beta1/lib/ruby-debug-ide.rb:86:in `debug_load'
/home/roroco/.rbenv/versions/2.1.2/lib/ruby/gems/2.1.0/gems/ruby-debug-ide-0.4.23.beta1/lib/ruby-debug-ide.rb:86:in `debug_program'
/home/roroco/.rbenv/versions/2.1.2/lib/ruby/gems/2.1.0/gems/ruby-debug-ide-0.4.23.beta1/bin/rdebug-ide:110:in `<top (required)>'
-e:1:in `load'
-e:1:in `<main>'
2014-10-11 22:25:31 - Error:{LoadError} cannot load such file -- ro_cells/r4py/test_file_attrs
2014-10-11 22:25:31 - Backtrace:
2014-10-11 22:25:31 - /home/roroco/Dropbox/rb-projs/ro_r4py/lib/ro_cmds/py_test_file.rb:4:in `require'
/home/roroco/Dropbox/rb-projs/ro_r4py/lib/ro_cmds/py_test_file.rb:4:in `<top (required)>'
/home/roroco/Dropbox/rb-projs/ro_r4py/lib/ro_cmds/r4py_gen.rb:3:in `require_relative'
/home/roroco/Dropbox/rb-projs/ro_r4py/lib/ro_cmds/r4py_gen.rb:3:in `<top (required)>'
/home/roroco/Dropbox/rb-projs/ro_cmds/lib/ro_cmds_runner.rb:42:in `load'
/home/roroco/Dropbox/rb-projs/ro_cmds/lib/ro_cmds_runner.rb:42:in `load_ro_cmds'
/home/roroco/Dropbox/rb-projs/ro_cmds/lib/ro_cmds_runner.rb:30:in `start'
/home/roroco/Dropbox/rb-projs/ro_cmds/lib/ro_cmds_bin.rb:2:in `<top (required)>'
/home/roroco/Dropbox/rb-projs/ro_cmds/lib/ro_misc/exe.rb:372:in `load'
/home/roroco/Dropbox/rb-projs/ro_cmds/lib/ro_misc/exe.rb:372:in `ro'
/home/roroco/Dropbox/rb-projs/ro_cmds/lib/ro_misc/exe.rb:64:in `ptf'
/home/roroco/Dropbox/rb-projs/ro_r4py/exe.rb:4:in `<top (required)>'
/home/roroco/.rbenv/versions/2.1.2/lib/ruby/gems/2.1.0/gems/ruby-debug-ide-0.4.23.beta1/lib/ruby-debug-ide.rb:86:in `debug_load'
/home/roroco/.rbenv/versions/2.1.2/lib/ruby/gems/2.1.0/gems/ruby-debug-ide-0.4.23.beta1/lib/ruby-debug-ide.rb:86:in `debug_program'
/home/roroco/.rbenv/versions/2.1.2/lib/ruby/gems/2.1.0/gems/ruby-debug-ide-0.4.23.beta1/bin/rdebug-ide:110:in `<top (required)>'
-e:1:in `load'
-e:1:in `<main>'
2014-10-11 22:30:35 - Error:{NameError} uninitialized constant RoHelpers::Py
2014-10-11 22:30:35 - Backtrace:
2014-10-11 22:30:35 - /home/roroco/Dropbox/rb-projs/ro_r4py/lib/ro_cmds/py_test_file.rb:8:in `<class:PyTestFile>'
/home/roroco/Dropbox/rb-projs/ro_r4py/lib/ro_cmds/py_test_file.rb:7:in `<module:RoCmds>'
/home/roroco/Dropbox/rb-projs/ro_r4py/lib/ro_cmds/py_test_file.rb:6:in `<top (required)>'
/home/roroco/Dropbox/rb-projs/ro_r4py/lib/ro_cmds/r4py_gen.rb:3:in `require_relative'
/home/roroco/Dropbox/rb-projs/ro_r4py/lib/ro_cmds/r4py_gen.rb:3:in `<top (required)>'
/home/roroco/Dropbox/rb-projs/spork/lib/spork/cells/changed_files.rb:66:in `load'
/home/roroco/Dropbox/rb-projs/spork/lib/spork/cells/changed_files.rb:66:in `reload'
/home/roroco/Dropbox/rb-projs/spork/lib/spork/cells/changed_files.rb:42:in `block (2 levels) in reload_all'
/home/roroco/Dropbox/rb-projs/spork/lib/spork/cells/changed_files.rb:40:in `each'
/home/roroco/Dropbox/rb-projs/spork/lib/spork/cells/changed_files.rb:40:in `block in reload_all'
/home/roroco/Dropbox/rb-projs/ro_cmds/lib/ro_helpers/redis/sync.rb:13:in `tmply_set_flow_key'
/home/roroco/Dropbox/rb-projs/ro_cmds/lib/ro_helpers/redis/sync.rb:20:in `sync'
/home/roroco/Dropbox/rb-projs/spork/lib/spork/cells/changed_files.rb:38:in `reload_all'
/home/roroco/Dropbox/rb-projs/ro_preload/lib/ro_cells/preload/server.rb:108:in `block in start'
/home/roroco/Dropbox/rb-projs/ro_preload/lib/ro_cells/preload/server.rb:102:in `loop'
/home/roroco/Dropbox/rb-projs/ro_preload/lib/ro_cells/preload/server.rb:102:in `start'
/home/roroco/Dropbox/rb-projs/ro_preload/lib/ro_cells/preload/server.rb:46:in `restart'
/home/roroco/Dropbox/rb-projs/ro_cmds/lib/ro_helpers/cmds/kls/meta.rb:135:in `block (2 levels) in delegate_ins_meth'
/home/roroco/Dropbox/rb-projs/ro_cmds/lib/ro_helpers/cmds/kls.rb:51:in `start'
/home/roroco/Dropbox/rb-projs/ro_cmds/lib/ro_cmds_runner.rb:31:in `start'
/home/roroco/Dropbox/rb-projs/ro_cmds/lib/ro_cmds_bin.rb:2:in `<top (required)>'
/home/roroco/Dropbox/rb-projs/ro_cmds/bin/ro:2:in `load'
/home/roroco/Dropbox/rb-projs/ro_cmds/bin/ro:2:in `<top (required)>'
/home/roroco/.rbenv/versions/2.1.2/lib/ruby/gems/2.1.0/bin/ro:23:in `load'
/home/roroco/.rbenv/versions/2.1.2/lib/ruby/gems/2.1.0/bin/ro:23:in `<main>'
2014-10-11 22:30:36 - Error:{NameError} uninitialized constant RoHelpers::Py
2014-10-11 22:30:36 - Backtrace:
2014-10-11 22:30:36 - /home/roroco/Dropbox/rb-projs/ro_r4py/lib/ro_cmds/py_test_file.rb:8:in `<class:PyTestFile>'
/home/roroco/Dropbox/rb-projs/ro_r4py/lib/ro_cmds/py_test_file.rb:7:in `<module:RoCmds>'
/home/roroco/Dropbox/rb-projs/ro_r4py/lib/ro_cmds/py_test_file.rb:6:in `<top (required)>'
/home/roroco/Dropbox/rb-projs/ro_r4py/lib/ro_cmds/py_test_file.rb:2:in `require'
/home/roroco/Dropbox/rb-projs/ro_r4py/lib/ro_cmds/py_test_file.rb:2:in `<top (required)>'
/home/roroco/Dropbox/rb-projs/spork/lib/spork/cells/changed_files.rb:66:in `load'
/home/roroco/Dropbox/rb-projs/spork/lib/spork/cells/changed_files.rb:66:in `reload'
/home/roroco/Dropbox/rb-projs/spork/lib/spork/cells/changed_files.rb:42:in `block (2 levels) in reload_all'
/home/roroco/Dropbox/rb-projs/spork/lib/spork/cells/changed_files.rb:40:in `each'
/home/roroco/Dropbox/rb-projs/spork/lib/spork/cells/changed_files.rb:40:in `block in reload_all'
/home/roroco/Dropbox/rb-projs/ro_cmds/lib/ro_helpers/redis/sync.rb:13:in `tmply_set_flow_key'
/home/roroco/Dropbox/rb-projs/ro_cmds/lib/ro_helpers/redis/sync.rb:20:in `sync'
/home/roroco/Dropbox/rb-projs/spork/lib/spork/cells/changed_files.rb:38:in `reload_all'
/home/roroco/Dropbox/rb-projs/ro_preload/lib/ro_cells/preload/server.rb:108:in `block in start'
/home/roroco/Dropbox/rb-projs/ro_preload/lib/ro_cells/preload/server.rb:102:in `loop'
/home/roroco/Dropbox/rb-projs/ro_preload/lib/ro_cells/preload/server.rb:102:in `start'
/home/roroco/Dropbox/rb-projs/ro_preload/lib/ro_cells/preload/server.rb:46:in `restart'
/home/roroco/Dropbox/rb-projs/ro_cmds/lib/ro_helpers/cmds/kls/meta.rb:135:in `block (2 levels) in delegate_ins_meth'
/home/roroco/Dropbox/rb-projs/ro_cmds/lib/ro_helpers/cmds/kls.rb:51:in `start'
/home/roroco/Dropbox/rb-projs/ro_cmds/lib/ro_cmds_runner.rb:31:in `start'
/home/roroco/Dropbox/rb-projs/ro_cmds/lib/ro_cmds_bin.rb:2:in `<top (required)>'
/home/roroco/Dropbox/rb-projs/ro_cmds/bin/ro:2:in `load'
/home/roroco/Dropbox/rb-projs/ro_cmds/bin/ro:2:in `<top (required)>'
/home/roroco/.rbenv/versions/2.1.2/lib/ruby/gems/2.1.0/bin/ro:23:in `load'
/home/roroco/.rbenv/versions/2.1.2/lib/ruby/gems/2.1.0/bin/ro:23:in `<main>'
2014-10-11 22:31:16 - Error:{LoadError} cannot load such file -- ro_helpers/r4py/gens/helper
2014-10-11 22:31:16 - Backtrace:
2014-10-11 22:31:16 - /home/roroco/Dropbox/rb-projs/ro_r4py/lib/ro_cmds/py_test_file.rb:3:in `require'
/home/roroco/Dropbox/rb-projs/ro_r4py/lib/ro_cmds/py_test_file.rb:3:in `<top (required)>'
/home/roroco/Dropbox/rb-projs/ro_r4py/lib/ro_cmds/r4py_gen.rb:3:in `require_relative'
/home/roroco/Dropbox/rb-projs/ro_r4py/lib/ro_cmds/r4py_gen.rb:3:in `<top (required)>'
/home/roroco/Dropbox/rb-projs/ro_cmds/lib/ro_cmds_runner.rb:42:in `load'
/home/roroco/Dropbox/rb-projs/ro_cmds/lib/ro_cmds_runner.rb:42:in `load_ro_cmds'
/home/roroco/Dropbox/rb-projs/ro_cmds/lib/ro_cmds_runner.rb:30:in `start'
/home/roroco/Dropbox/rb-projs/ro_cmds/lib/ro_cmds_bin.rb:2:in `<top (required)>'
/home/roroco/Dropbox/rb-projs/ro_cmds/lib/ro_misc/exe.rb:372:in `load'
/home/roroco/Dropbox/rb-projs/ro_cmds/lib/ro_misc/exe.rb:372:in `ro'
/home/roroco/Dropbox/rb-projs/ro_cmds/lib/ro_misc/exe.rb:64:in `ptf'
/home/roroco/Dropbox/rb-projs/ro_r4py/exe.rb:4:in `<top (required)>'
/home/roroco/.rbenv/versions/2.1.2/lib/ruby/gems/2.1.0/gems/ruby-debug-ide-0.4.23.beta1/lib/ruby-debug-ide.rb:86:in `debug_load'
/home/roroco/.rbenv/versions/2.1.2/lib/ruby/gems/2.1.0/gems/ruby-debug-ide-0.4.23.beta1/lib/ruby-debug-ide.rb:86:in `debug_program'
/home/roroco/.rbenv/versions/2.1.2/lib/ruby/gems/2.1.0/gems/ruby-debug-ide-0.4.23.beta1/bin/rdebug-ide:110:in `<top (required)>'
-e:1:in `load'
-e:1:in `<main>'
